1535565658542	geckodriver	INFO	geckodriver 0.21.0
1535565661232	geckodriver	INFO	Listening on 127.0.0.1:54980
1535565662259	mozrunner::runner	INFO	Running command: "/Applications/Firefox.app/Contents/MacOS/firefox-bin" "-marionette" "-foreground" "-no-remote" "-profile" "/var/folders/0y/x3rtnk3d19sfy3ty9x72zn9h0000gn/T/rust_mozprofile.uR0Jfr6WnOa0"
2018-08-29 14:01:04.303 plugin-container[25951:24946217] *** CFMessagePort: bootstrap_register(): failed 1100 (0x44c) 'Permission denied', port = 0x843b, name = 'com.apple.tsm.portname'
See /usr/include/servers/bootstrap_defs.h for the error codes.
2018-08-29 14:01:04.561 plugin-container[25952:24946244] *** CFMessagePort: bootstrap_register(): failed 1100 (0x44c) 'Permission denied', port = 0x883f, name = 'com.apple.tsm.portname'
See /usr/include/servers/bootstrap_defs.h for the error codes.
1535565664965	Marionette	INFO	Listening on port 55010
1535565665029	Marionette	WARN	TLS certificate errors will be ignored for this session
2018-08-29 14:01:05.541 plugin-container[25953:24946367] *** CFMessagePort: bootstrap_register(): failed 1100 (0x44c) 'Permission denied', port = 0x8533, name = 'com.apple.tsm.portname'
See /usr/include/servers/bootstrap_defs.h for the error codes.
JavaScript warning: https://static.pubmed.gov/portal/portal3rc.fcgi/4179591/js/3812534/4087685/3812535/4155155/3990644/3812291/3908752/3879255/4121861/4076480/4001808.js, line 1197: unreachable code after return statement
*** UTM:SVC TimerManager:registerTimer called after profile-before-change notification. Ignoring timer registration for id: telemetry_modules_ping
1535565697831	geckodriver	INFO	geckodriver 0.21.0
1535565697836	geckodriver	INFO	Listening on 127.0.0.1:55217
1535565698855	mozrunner::runner	INFO	Running command: "/Applications/Firefox.app/Contents/MacOS/firefox-bin" "-marionette" "-foreground" "-no-remote" "-profile" "/var/folders/0y/x3rtnk3d19sfy3ty9x72zn9h0000gn/T/rust_mozprofile.ffi8ZGgxGrbp"
2018-08-29 14:01:40.575 plugin-container[25963:24948406] *** CFMessagePort: bootstrap_register(): failed 1100 (0x44c) 'Permission denied', port = 0x803f, name = 'com.apple.tsm.portname'
See /usr/include/servers/bootstrap_defs.h for the error codes.
2018-08-29 14:01:40.815 plugin-container[25964:24948429] *** CFMessagePort: bootstrap_register(): failed 1100 (0x44c) 'Permission denied', port = 0x7c2f, name = 'com.apple.tsm.portname'
See /usr/include/servers/bootstrap_defs.h for the error codes.
1535565701014	Marionette	INFO	Listening on port 55232
1535565701119	Marionette	WARN	TLS certificate errors will be ignored for this session
2018-08-29 14:01:41.544 plugin-container[25965:24948604] *** CFMessagePort: bootstrap_register(): failed 1100 (0x44c) 'Permission denied', port = 0x753b, name = 'com.apple.tsm.portname'
See /usr/include/servers/bootstrap_defs.h for the error codes.
JavaScript warning: https://static.pubmed.gov/portal/portal3rc.fcgi/4179591/js/3812534/4087685/3812535/4155155/3990644/3812291/3908752/3879255/4121861/4076480/4001808.js, line 1197: unreachable code after return statement
JavaScript warning: https://static.pubmed.gov/portal/portal3rc.fcgi/4179591/js/3812534/4087685/3812535/4155155/3990644/3812291/3908752/3879255/4121861/4076480/4001808.js, line 1197: unreachable code after return statement
IPDL protocol error: Handler returned error code!

###!!! [Parent][DispatchAsyncMessage] Error: PLayerTransaction::Msg_ReleaseLayer Processing error: message was deserialized, but the handler returned false (indicating failure)


###!!! [Parent][RunMessage] Error: Channel error: cannot send/recv


###!!! [Parent][RunMessage] Error: Channel error: cannot send/recv


###!!! [Parent][RunMessage] Error: Channel error: cannot send/recv


###!!! [Parent][RunMessage] Error: Channel error: cannot send/recv


###!!! [Parent][RunMessage] Error: Channel error: cannot send/recv


###!!! [Parent][MessageChannel] Error: (msgtype=0x2000B,name=PAPZ::Msg_Destroy) Channel error: cannot send/recv

1535565780136	geckodriver	INFO	geckodriver 0.21.0
1535565780171	geckodriver	INFO	Listening on 127.0.0.1:55611
1535565781173	mozrunner::runner	INFO	Running command: "/Applications/Firefox.app/Contents/MacOS/firefox-bin" "-marionette" "-foreground" "-no-remote" "-profile" "/var/folders/0y/x3rtnk3d19sfy3ty9x72zn9h0000gn/T/rust_mozprofile.hOKGWoVCEJgC"
2018-08-29 14:03:03.830 plugin-container[25991:24953169] *** CFMessagePort: bootstrap_register(): failed 1100 (0x44c) 'Permission denied', port = 0x7c33, name = 'com.apple.tsm.portname'
See /usr/include/servers/bootstrap_defs.h for the error codes.
2018-08-29 14:03:04.228 plugin-container[25992:24953194] *** CFMessagePort: bootstrap_register(): failed 1100 (0x44c) 'Permission denied', port = 0x7843, name = 'com.apple.tsm.portname'
See /usr/include/servers/bootstrap_defs.h for the error codes.
1535565784489	Marionette	INFO	Listening on port 55628
1535565784593	Marionette	WARN	TLS certificate errors will be ignored for this session
2018-08-29 14:03:05.993 plugin-container[25993:24953352] *** CFMessagePort: bootstrap_register(): failed 1100 (0x44c) 'Permission denied', port = 0x6b07, name = 'com.apple.tsm.portname'
See /usr/include/servers/bootstrap_defs.h for the error codes.
JavaScript warning: https://static.pubmed.gov/portal/portal3rc.fcgi/4179591/js/3812534/4087685/3812535/4155155/3990644/3812291/3908752/3879255/4121861/4076480/4001808.js, line 1197: unreachable code after return statement
1535566122970	geckodriver	INFO	geckodriver 0.21.0
1535566122978	geckodriver	INFO	Listening on 127.0.0.1:57163
1535566125223	mozrunner::runner	INFO	Running command: "/Applications/Firefox.app/Contents/MacOS/firefox-bin" "-marionette" "-foreground" "-no-remote" "-profile" "/var/folders/0y/x3rtnk3d19sfy3ty9x72zn9h0000gn/T/rust_mozprofile.K3qiylq524N2"
1535567478981	geckodriver	INFO	geckodriver 0.21.0
1535567478993	geckodriver	INFO	Listening on 127.0.0.1:50363
1535567480005	mozrunner::runner	INFO	Running command: "/Applications/Firefox.app/Contents/MacOS/firefox-bin" "-marionette" "-foreground" "-no-remote" "-profile" "/var/folders/0y/x3rtnk3d19sfy3ty9x72zn9h0000gn/T/rust_mozprofile.pdbjyuwYJOkF"
2018-08-29 14:31:21.800 plugin-container[788:16676] *** CFMessagePort: bootstrap_register(): failed 1100 (0x44c) 'Permission denied', port = 0x8807, name = 'com.apple.tsm.portname'
See /usr/include/servers/bootstrap_defs.h for the error codes.
2018-08-29 14:31:21.981 plugin-container[789:16707] *** CFMessagePort: bootstrap_register(): failed 1100 (0x44c) 'Permission denied', port = 0x8843, name = 'com.apple.tsm.portname'
See /usr/include/servers/bootstrap_defs.h for the error codes.
1535567482261	Marionette	INFO	Listening on port 50378
1535567482357	Marionette	WARN	TLS certificate errors will be ignored for this session
2018-08-29 14:31:22.772 plugin-container[792:16902] *** CFMessagePort: bootstrap_register(): failed 1100 (0x44c) 'Permission denied', port = 0x6f37, name = 'com.apple.tsm.portname'
See /usr/include/servers/bootstrap_defs.h for the error codes.
JavaScript warning: https://static.pubmed.gov/portal/portal3rc.fcgi/4179591/js/3812534/4087685/3812535/4155155/3990644/3812291/3908752/3879255/4121861/4076480/4001808.js, line 1197: unreachable code after return statement
1535567546182	geckodriver	INFO	geckodriver 0.21.0
1535567546196	geckodriver	INFO	Listening on 127.0.0.1:50726
1535567547195	mozrunner::runner	INFO	Running command: "/Applications/Firefox.app/Contents/MacOS/firefox-bin" "-marionette" "-foreground" "-no-remote" "-profile" "/var/folders/0y/x3rtnk3d19sfy3ty9x72zn9h0000gn/T/rust_mozprofile.rEOMbcr22EnY"
2018-08-29 14:32:28.751 plugin-container[805:18368] *** CFMessagePort: bootstrap_register(): failed 1100 (0x44c) 'Permission denied', port = 0x753f, name = 'com.apple.tsm.portname'
See /usr/include/servers/bootstrap_defs.h for the error codes.
2018-08-29 14:32:28.877 plugin-container[806:18388] *** CFMessagePort: bootstrap_register(): failed 1100 (0x44c) 'Permission denied', port = 0x7303, name = 'com.apple.tsm.portname'
See /usr/include/servers/bootstrap_defs.h for the error codes.
1535567548980	Marionette	INFO	Listening on port 50737
1535567549034	Marionette	WARN	TLS certificate errors will be ignored for this session
2018-08-29 14:32:29.565 plugin-container[807:18525] *** CFMessagePort: bootstrap_register(): failed 1100 (0x44c) 'Permission denied', port = 0x7f43, name = 'com.apple.tsm.portname'
See /usr/include/servers/bootstrap_defs.h for the error codes.
JavaScript warning: https://static.pubmed.gov/portal/portal3rc.fcgi/4179591/js/3812534/4087685/3812535/4155155/3990644/3812291/3908752/3879255/4121861/4076480/4001808.js, line 1197: unreachable code after return statement
JavaScript error: resource:///modules/ContentMetaHandler.jsm, line 155: NS_ERROR_ILLEGAL_VALUE: 
*** UTM:SVC TimerManager:registerTimer called after profile-before-change notification. Ignoring timer registration for id: telemetry_modules_ping
1535572579698	geckodriver	INFO	geckodriver 0.21.0
1535572579711	geckodriver	INFO	Listening on 127.0.0.1:52948
1535572580742	mozrunner::runner	INFO	Running command: "/Applications/Firefox.app/Contents/MacOS/firefox-bin" "-marionette" "-foreground" "-no-remote" "-profile" "/var/folders/0y/x3rtnk3d19sfy3ty9x72zn9h0000gn/T/rust_mozprofile.cP6KjeAVRtAG"
2018-08-29 15:56:22.258 plugin-container[911:30816] *** CFMessagePort: bootstrap_register(): failed 1100 (0x44c) 'Permission denied', port = 0x8347, name = 'com.apple.tsm.portname'
See /usr/include/servers/bootstrap_defs.h for the error codes.
2018-08-29 15:56:22.576 plugin-container[912:30844] *** CFMessagePort: bootstrap_register(): failed 1100 (0x44c) 'Permission denied', port = 0x773f, name = 'com.apple.tsm.portname'
See /usr/include/servers/bootstrap_defs.h for the error codes.
1535572582827	Marionette	INFO	Listening on port 52959
1535572582894	Marionette	WARN	TLS certificate errors will be ignored for this session
2018-08-29 15:56:23.274 plugin-container[913:30968] *** CFMessagePort: bootstrap_register(): failed 1100 (0x44c) 'Permission denied', port = 0x8733, name = 'com.apple.tsm.portname'
See /usr/include/servers/bootstrap_defs.h for the error codes.
JavaScript warning: https://static.pubmed.gov/portal/portal3rc.fcgi/4179591/js/3812534/4087685/3812535/4155155/3990644/3812291/3908752/3879255/4121861/4076480/4001808.js, line 1197: unreachable code after return statement
1535572766275	geckodriver	INFO	geckodriver 0.21.0
1535572766280	geckodriver	INFO	Listening on 127.0.0.1:53859
1535572767295	mozrunner::runner	INFO	Running command: "/Applications/Firefox.app/Contents/MacOS/firefox-bin" "-marionette" "-foreground" "-no-remote" "-profile" "/var/folders/0y/x3rtnk3d19sfy3ty9x72zn9h0000gn/T/rust_mozprofile.lpksNZCHezQY"
2018-08-29 15:59:28.505 plugin-container[944:35016] *** CFMessagePort: bootstrap_register(): failed 1100 (0x44c) 'Permission denied', port = 0x7443, name = 'com.apple.tsm.portname'
See /usr/include/servers/bootstrap_defs.h for the error codes.
2018-08-29 15:59:28.746 plugin-container[945:35042] *** CFMessagePort: bootstrap_register(): failed 1100 (0x44c) 'Permission denied', port = 0x8743, name = 'com.apple.tsm.portname'
See /usr/include/servers/bootstrap_defs.h for the error codes.
1535572768911	Marionette	INFO	Listening on port 53870
1535572768934	Marionette	WARN	TLS certificate errors will be ignored for this session
2018-08-29 15:59:29.517 plugin-container[946:35157] *** CFMessagePort: bootstrap_register(): failed 1100 (0x44c) 'Permission denied', port = 0x8707, name = 'com.apple.tsm.portname'
See /usr/include/servers/bootstrap_defs.h for the error codes.
JavaScript warning: https://static.pubmed.gov/portal/portal3rc.fcgi/4179591/js/3812534/4087685/3812535/4155155/3990644/3812291/3908752/3879255/4121861/4076480/4001808.js, line 1197: unreachable code after return statement
1535572871357	geckodriver	INFO	geckodriver 0.21.0
1535572871362	geckodriver	INFO	Listening on 127.0.0.1:54381
1535572872458	mozrunner::runner	INFO	Running command: "/Applications/Firefox.app/Contents/MacOS/firefox-bin" "-marionette" "-foreground" "-no-remote" "-profile" "/var/folders/0y/x3rtnk3d19sfy3ty9x72zn9h0000gn/T/rust_mozprofile.uFjZasL6RGCm"
2018-08-29 16:01:13.855 plugin-container[957:37358] *** CFMessagePort: bootstrap_register(): failed 1100 (0x44c) 'Permission denied', port = 0x863f, name = 'com.apple.tsm.portname'
See /usr/include/servers/bootstrap_defs.h for the error codes.
2018-08-29 16:01:14.036 plugin-container[958:37383] *** CFMessagePort: bootstrap_register(): failed 1100 (0x44c) 'Permission denied', port = 0x783f, name = 'com.apple.tsm.portname'
See /usr/include/servers/bootstrap_defs.h for the error codes.
1535572874214	Marionette	INFO	Listening on port 54392
1535572874307	Marionette	WARN	TLS certificate errors will be ignored for this session
2018-08-29 16:01:14.778 plugin-container[959:37493] *** CFMessagePort: bootstrap_register(): failed 1100 (0x44c) 'Permission denied', port = 0x8633, name = 'com.apple.tsm.portname'
See /usr/include/servers/bootstrap_defs.h for the error codes.
JavaScript warning: https://static.pubmed.gov/portal/portal3rc.fcgi/4179591/js/3812534/4087685/3812535/4155155/3990644/3812291/3908752/3879255/4121861/4076480/4001808.js, line 1197: unreachable code after return statement
1535573021655	geckodriver	INFO	geckodriver 0.21.0
1535573021667	geckodriver	INFO	Listening on 127.0.0.1:55110
1535573022671	mozrunner::runner	INFO	Running command: "/Applications/Firefox.app/Contents/MacOS/firefox-bin" "-marionette" "-foreground" "-no-remote" "-profile" "/var/folders/0y/x3rtnk3d19sfy3ty9x72zn9h0000gn/T/rust_mozprofile.DbM7b5CWmenU"
2018-08-29 16:03:44.026 plugin-container[982:41050] *** CFMessagePort: bootstrap_register(): failed 1100 (0x44c) 'Permission denied', port = 0x753b, name = 'com.apple.tsm.portname'
See /usr/include/servers/bootstrap_defs.h for the error codes.
2018-08-29 16:03:44.275 plugin-container[983:41076] *** CFMessagePort: bootstrap_register(): failed 1100 (0x44c) 'Permission denied', port = 0x7943, name = 'com.apple.tsm.portname'
See /usr/include/servers/bootstrap_defs.h for the error codes.
1535573024507	Marionette	INFO	Listening on port 55121
1535573024608	Marionette	WARN	TLS certificate errors will be ignored for this session
2018-08-29 16:03:44.961 plugin-container[984:41187] *** CFMessagePort: bootstrap_register(): failed 1100 (0x44c) 'Permission denied', port = 0x870b, name = 'com.apple.tsm.portname'
See /usr/include/servers/bootstrap_defs.h for the error codes.
JavaScript warning: https://static.pubmed.gov/portal/portal3rc.fcgi/4179591/js/3812534/4087685/3812535/4155155/3990644/3812291/3908752/3879255/4121861/4076480/4001808.js, line 1197: unreachable code after return statement
1535573095243	addons.productaddons	WARN	Failed downloading XML, status: 0, reason: timeout
1535573377657	geckodriver	INFO	geckodriver 0.21.0
1535573377662	geckodriver	INFO	Listening on 127.0.0.1:56827
1535573378673	mozrunner::runner	INFO	Running command: "/Applications/Firefox.app/Contents/MacOS/firefox-bin" "-marionette" "-foreground" "-no-remote" "-profile" "/var/folders/0y/x3rtnk3d19sfy3ty9x72zn9h0000gn/T/rust_mozprofile.TY75KUIHeVQ6"
2018-08-29 16:09:40.151 plugin-container[1057:49069] *** CFMessagePort: bootstrap_register(): failed 1100 (0x44c) 'Permission denied', port = 0x7607, name = 'com.apple.tsm.portname'
See /usr/include/servers/bootstrap_defs.h for the error codes.
2018-08-29 16:09:40.413 plugin-container[1058:49091] *** CFMessagePort: bootstrap_register(): failed 1100 (0x44c) 'Permission denied', port = 0x7733, name = 'com.apple.tsm.portname'
See /usr/include/servers/bootstrap_defs.h for the error codes.
1535573380677	Marionette	INFO	Listening on port 56838
1535573380742	Marionette	WARN	TLS certificate errors will be ignored for this session
2018-08-29 16:09:41.142 plugin-container[1059:49304] *** CFMessagePort: bootstrap_register(): failed 1100 (0x44c) 'Permission denied', port = 0x6f43, name = 'com.apple.tsm.portname'
See /usr/include/servers/bootstrap_defs.h for the error codes.
JavaScript warning: https://static.pubmed.gov/portal/portal3rc.fcgi/4179591/js/3812534/4087685/3812535/4155155/3990644/3812291/3908752/3879255/4121861/4076480/4001808.js, line 1197: unreachable code after return statement
1535573421355	geckodriver	INFO	geckodriver 0.21.0
1535573421368	geckodriver	INFO	Listening on 127.0.0.1:57086
1535573422377	mozrunner::runner	INFO	Running command: "/Applications/Firefox.app/Contents/MacOS/firefox-bin" "-marionette" "-foreground" "-no-remote" "-profile" "/var/folders/0y/x3rtnk3d19sfy3ty9x72zn9h0000gn/T/rust_mozprofile.bP2Zt0lSQ6ML"
2018-08-29 16:10:23.855 plugin-container[1068:51105] *** CFMessagePort: bootstrap_register(): failed 1100 (0x44c) 'Permission denied', port = 0x8803, name = 'com.apple.tsm.portname'
See /usr/include/servers/bootstrap_defs.h for the error codes.
2018-08-29 16:10:24.138 plugin-container[1069:51160] *** CFMessagePort: bootstrap_register(): failed 1100 (0x44c) 'Permission denied', port = 0x8d3f, name = 'com.apple.tsm.portname'
See /usr/include/servers/bootstrap_defs.h for the error codes.
1535573424308	Marionette	INFO	Listening on port 57097
1535573424332	Marionette	WARN	TLS certificate errors will be ignored for this session
2018-08-29 16:10:24.830 plugin-container[1070:51303] *** CFMessagePort: bootstrap_register(): failed 1100 (0x44c) 'Permission denied', port = 0x8d3f, name = 'com.apple.tsm.portname'
See /usr/include/servers/bootstrap_defs.h for the error codes.
JavaScript warning: https://static.pubmed.gov/portal/portal3rc.fcgi/4179591/js/3812534/4087685/3812535/4155155/3990644/3812291/3908752/3879255/4121861/4076480/4001808.js, line 1197: unreachable code after return statement
1535573550538	geckodriver	INFO	geckodriver 0.21.0
1535573550549	geckodriver	INFO	Listening on 127.0.0.1:57755
1535573551554	mozrunner::runner	INFO	Running command: "/Applications/Firefox.app/Contents/MacOS/firefox-bin" "-marionette" "-foreground" "-no-remote" "-profile" "/var/folders/0y/x3rtnk3d19sfy3ty9x72zn9h0000gn/T/rust_mozprofile.sO7ZQ8Dx8MNR"
2018-08-29 16:12:32.781 plugin-container[1093:54400] *** CFMessagePort: bootstrap_register(): failed 1100 (0x44c) 'Permission denied', port = 0x7a3b, name = 'com.apple.tsm.portname'
See /usr/include/servers/bootstrap_defs.h for the error codes.
2018-08-29 16:12:33.024 plugin-container[1094:54424] *** CFMessagePort: bootstrap_register(): failed 1100 (0x44c) 'Permission denied', port = 0x8a3f, name = 'com.apple.tsm.portname'
See /usr/include/servers/bootstrap_defs.h for the error codes.
1535573553176	Marionette	INFO	Listening on port 57766
1535573553226	Marionette	WARN	TLS certificate errors will be ignored for this session
2018-08-29 16:12:33.764 plugin-container[1095:54556] *** CFMessagePort: bootstrap_register(): failed 1100 (0x44c) 'Permission denied', port = 0x793f, name = 'com.apple.tsm.portname'
See /usr/include/servers/bootstrap_defs.h for the error codes.
JavaScript warning: https://static.pubmed.gov/portal/portal3rc.fcgi/4179591/js/3812534/4087685/3812535/4155155/3990644/3812291/3908752/3879255/4121861/4076480/4001808.js, line 1197: unreachable code after return statement
1535573728385	geckodriver	INFO	geckodriver 0.21.0
1535573728396	geckodriver	INFO	Listening on 127.0.0.1:58557
1535573729402	mozrunner::runner	INFO	Running command: "/Applications/Firefox.app/Contents/MacOS/firefox-bin" "-marionette" "-foreground" "-no-remote" "-profile" "/var/folders/0y/x3rtnk3d19sfy3ty9x72zn9h0000gn/T/rust_mozprofile.SYvKqSospfeH"
2018-08-29 16:15:30.751 plugin-container[1111:57981] *** CFMessagePort: bootstrap_register(): failed 1100 (0x44c) 'Permission denied', port = 0x8803, name = 'com.apple.tsm.portname'
See /usr/include/servers/bootstrap_defs.h for the error codes.
2018-08-29 16:15:30.986 plugin-container[1112:58049] *** CFMessagePort: bootstrap_register(): failed 1100 (0x44c) 'Permission denied', port = 0x893f, name = 'com.apple.tsm.portname'
See /usr/include/servers/bootstrap_defs.h for the error codes.
1535573731156	Marionette	INFO	Listening on port 58570
1535573731235	Marionette	WARN	TLS certificate errors will be ignored for this session
2018-08-29 16:15:31.726 plugin-container[1113:58202] *** CFMessagePort: bootstrap_register(): failed 1100 (0x44c) 'Permission denied', port = 0x833f, name = 'com.apple.tsm.portname'
See /usr/include/servers/bootstrap_defs.h for the error codes.
JavaScript warning: https://static.pubmed.gov/portal/portal3rc.fcgi/4179591/js/3812534/4087685/3812535/4155155/3990644/3812291/3908752/3879255/4121861/4076480/4001808.js, line 1197: unreachable code after return statement
*** UTM:SVC TimerManager:registerTimer called after profile-before-change notification. Ignoring timer registration for id: telemetry_modules_ping
1535573774736	geckodriver	INFO	geckodriver 0.21.0
1535573774748	geckodriver	INFO	Listening on 127.0.0.1:58851
1535573775752	mozrunner::runner	INFO	Running command: "/Applications/Firefox.app/Contents/MacOS/firefox-bin" "-marionette" "-foreground" "-no-remote" "-profile" "/var/folders/0y/x3rtnk3d19sfy3ty9x72zn9h0000gn/T/rust_mozprofile.teRNObcXcBDU"
2018-08-29 16:16:16.997 plugin-container[1129:59695] *** CFMessagePort: bootstrap_register(): failed 1100 (0x44c) 'Permission denied', port = 0x823f, name = 'com.apple.tsm.portname'
See /usr/include/servers/bootstrap_defs.h for the error codes.
2018-08-29 16:16:17.216 plugin-container[1130:59720] *** CFMessagePort: bootstrap_register(): failed 1100 (0x44c) 'Permission denied', port = 0x833f, name = 'com.apple.tsm.portname'
See /usr/include/servers/bootstrap_defs.h for the error codes.
1535573777453	Marionette	INFO	Listening on port 58862
1535573777499	Marionette	WARN	TLS certificate errors will be ignored for this session
2018-08-29 16:16:17.969 plugin-container[1131:59829] *** CFMessagePort: bootstrap_register(): failed 1100 (0x44c) 'Permission denied', port = 0x6e3f, name = 'com.apple.tsm.portname'
See /usr/include/servers/bootstrap_defs.h for the error codes.
JavaScript warning: https://static.pubmed.gov/portal/portal3rc.fcgi/4179591/js/3812534/4087685/3812535/4155155/3990644/3812291/3908752/3879255/4121861/4076480/4001808.js, line 1197: unreachable code after return statement
*** UTM:SVC TimerManager:registerTimer called after profile-before-change notification. Ignoring timer registration for id: telemetry_modules_ping
1535573835069	geckodriver	INFO	geckodriver 0.21.0
1535573835080	geckodriver	INFO	Listening on 127.0.0.1:59194
1535573836087	mozrunner::runner	INFO	Running command: "/Applications/Firefox.app/Contents/MacOS/firefox-bin" "-marionette" "-foreground" "-no-remote" "-profile" "/var/folders/0y/x3rtnk3d19sfy3ty9x72zn9h0000gn/T/rust_mozprofile.RIHiSPKXdmWU"
2018-08-29 16:17:17.493 plugin-container[1144:61757] *** CFMessagePort: bootstrap_register(): failed 1100 (0x44c) 'Permission denied', port = 0x8523, name = 'com.apple.tsm.portname'
See /usr/include/servers/bootstrap_defs.h for the error codes.
2018-08-29 16:17:17.569 plugin-container[1145:61777] *** CFMessagePort: bootstrap_register(): failed 1100 (0x44c) 'Permission denied', port = 0x892b, name = 'com.apple.tsm.portname'
See /usr/include/servers/bootstrap_defs.h for the error codes.
1535573837711	Marionette	INFO	Listening on port 59205
1535573837743	Marionette	WARN	TLS certificate errors will be ignored for this session
2018-08-29 16:17:18.378 plugin-container[1146:61921] *** CFMessagePort: bootstrap_register(): failed 1100 (0x44c) 'Permission denied', port = 0x723f, name = 'com.apple.tsm.portname'
See /usr/include/servers/bootstrap_defs.h for the error codes.
JavaScript warning: https://static.pubmed.gov/portal/portal3rc.fcgi/4179591/js/3812534/4087685/3812535/4155155/3990644/3812291/3908752/3879255/4121861/4076480/4001808.js, line 1197: unreachable code after return statement
1535573914388	geckodriver	INFO	geckodriver 0.21.0
1535573914399	geckodriver	INFO	Listening on 127.0.0.1:59616
1535573915401	mozrunner::runner	INFO	Running command: "/Applications/Firefox.app/Contents/MacOS/firefox-bin" "-marionette" "-foreground" "-no-remote" "-profile" "/var/folders/0y/x3rtnk3d19sfy3ty9x72zn9h0000gn/T/rust_mozprofile.4OAXr3OFmOl5"
2018-08-29 16:18:36.670 plugin-container[1166:63622] *** CFMessagePort: bootstrap_register(): failed 1100 (0x44c) 'Permission denied', port = 0x8a43, name = 'com.apple.tsm.portname'
See /usr/include/servers/bootstrap_defs.h for the error codes.
2018-08-29 16:18:36.954 plugin-container[1167:63646] *** CFMessagePort: bootstrap_register(): failed 1100 (0x44c) 'Permission denied', port = 0x782b, name = 'com.apple.tsm.portname'
See /usr/include/servers/bootstrap_defs.h for the error codes.
1535573917109	Marionette	INFO	Listening on port 59627
1535573917157	Marionette	WARN	TLS certificate errors will be ignored for this session
2018-08-29 16:18:37.620 plugin-container[1168:63772] *** CFMessagePort: bootstrap_register(): failed 1100 (0x44c) 'Permission denied', port = 0x8f3f, name = 'com.apple.tsm.portname'
See /usr/include/servers/bootstrap_defs.h for the error codes.
JavaScript warning: https://static.pubmed.gov/portal/portal3rc.fcgi/4179591/js/3812534/4087685/3812535/4155155/3990644/3812291/3908752/3879255/4121861/4076480/4001808.js, line 1197: unreachable code after return statement
1535573936715	geckodriver	INFO	geckodriver 0.21.0
1535573936721	geckodriver	INFO	Listening on 127.0.0.1:59783
1535573937735	mozrunner::runner	INFO	Running command: "/Applications/Firefox.app/Contents/MacOS/firefox-bin" "-marionette" "-foreground" "-no-remote" "-profile" "/var/folders/0y/x3rtnk3d19sfy3ty9x72zn9h0000gn/T/rust_mozprofile.QK6oVp57iX9F"
2018-08-29 16:18:58.892 plugin-container[1177:64372] *** CFMessagePort: bootstrap_register(): failed 1100 (0x44c) 'Permission denied', port = 0x7703, name = 'com.apple.tsm.portname'
See /usr/include/servers/bootstrap_defs.h for the error codes.
2018-08-29 16:18:59.185 plugin-container[1178:64395] *** CFMessagePort: bootstrap_register(): failed 1100 (0x44c) 'Permission denied', port = 0x8507, name = 'com.apple.tsm.portname'
See /usr/include/servers/bootstrap_defs.h for the error codes.
1535573939336	Marionette	INFO	Listening on port 59794
1535573939389	Marionette	WARN	TLS certificate errors will be ignored for this session
2018-08-29 16:19:00.038 plugin-container[1179:64516] *** CFMessagePort: bootstrap_register(): failed 1100 (0x44c) 'Permission denied', port = 0x8543, name = 'com.apple.tsm.portname'
See /usr/include/servers/bootstrap_defs.h for the error codes.
JavaScript warning: https://static.pubmed.gov/portal/portal3rc.fcgi/4179591/js/3812534/4087685/3812535/4155155/3990644/3812291/3908752/3879255/4121861/4076480/4001808.js, line 1197: unreachable code after return statement

###!!! [Child][MessageChannel] Error: (msgtype=0x49000F,name=PHttpChannel::Msg___delete__) Channel closing: too late to send/recv, messages will be lost


###!!! [Child][RunMessage] Error: Channel closing: too late to send/recv, messages will be lost

*** UTM:SVC TimerManager:registerTimer called after profile-before-change notification. Ignoring timer registration for id: telemetry_modules_ping
*** UTM:SVC TimerManager:registerTimer called after profile-before-change notification. Ignoring timer registration for id: telemetry_modules_ping
1535573975874	geckodriver	INFO	geckodriver 0.21.0
1535573975879	geckodriver	INFO	Listening on 127.0.0.1:60010
1535573976891	mozrunner::runner	INFO	Running command: "/Applications/Firefox.app/Contents/MacOS/firefox-bin" "-marionette" "-foreground" "-no-remote" "-profile" "/var/folders/0y/x3rtnk3d19sfy3ty9x72zn9h0000gn/T/rust_mozprofile.vziGUiFvTJhm"
2018-08-29 16:19:38.108 plugin-container[1187:65496] *** CFMessagePort: bootstrap_register(): failed 1100 (0x44c) 'Permission denied', port = 0x813f, name = 'com.apple.tsm.portname'
See /usr/include/servers/bootstrap_defs.h for the error codes.
2018-08-29 16:19:38.334 plugin-container[1188:65524] *** CFMessagePort: bootstrap_register(): failed 1100 (0x44c) 'Permission denied', port = 0x7403, name = 'com.apple.tsm.portname'
See /usr/include/servers/bootstrap_defs.h for the error codes.
1535573978501	Marionette	INFO	Listening on port 60021
1535573978548	Marionette	WARN	TLS certificate errors will be ignored for this session
2018-08-29 16:19:39.072 plugin-container[1189:65639] *** CFMessagePort: bootstrap_register(): failed 1100 (0x44c) 'Permission denied', port = 0x7b03, name = 'com.apple.tsm.portname'
See /usr/include/servers/bootstrap_defs.h for the error codes.
JavaScript warning: https://static.pubmed.gov/portal/portal3rc.fcgi/4179591/js/3812534/4087685/3812535/4155155/3990644/3812291/3908752/3879255/4121861/4076480/4001808.js, line 1197: unreachable code after return statement
2018-08-29 16:20:11.708 plugin-container[1192:66371] *** CFMessagePort: bootstrap_register(): failed 1100 (0x44c) 'Permission denied', port = 0x773f, name = 'com.apple.tsm.portname'
See /usr/include/servers/bootstrap_defs.h for the error codes.
*** UTM:SVC TimerManager:registerTimer called after profile-before-change notification. Ignoring timer registration for id: telemetry_modules_ping
1535574026874	geckodriver	INFO	geckodriver 0.21.0
1535574026883	geckodriver	INFO	Listening on 127.0.0.1:60313
1535574027890	mozrunner::runner	INFO	Running command: "/Applications/Firefox.app/Contents/MacOS/firefox-bin" "-marionette" "-foreground" "-no-remote" "-profile" "/var/folders/0y/x3rtnk3d19sfy3ty9x72zn9h0000gn/T/rust_mozprofile.UxJOxnJ83KTv"
2018-08-29 16:20:29.132 plugin-container[1198:66907] *** CFMessagePort: bootstrap_register(): failed 1100 (0x44c) 'Permission denied', port = 0x7107, name = 'com.apple.tsm.portname'
See /usr/include/servers/bootstrap_defs.h for the error codes.
2018-08-29 16:20:29.348 plugin-container[1199:66930] *** CFMessagePort: bootstrap_register(): failed 1100 (0x44c) 'Permission denied', port = 0x8e43, name = 'com.apple.tsm.portname'
See /usr/include/servers/bootstrap_defs.h for the error codes.
1535574029516	Marionette	INFO	Listening on port 60324
1535574029535	Marionette	WARN	TLS certificate errors will be ignored for this session
2018-08-29 16:20:30.088 plugin-container[1200:67040] *** CFMessagePort: bootstrap_register(): failed 1100 (0x44c) 'Permission denied', port = 0x6f3f, name = 'com.apple.tsm.portname'
See /usr/include/servers/bootstrap_defs.h for the error codes.
JavaScript warning: https://static.pubmed.gov/portal/portal3rc.fcgi/4179591/js/3812534/4087685/3812535/4155155/3990644/3812291/3908752/3879255/4121861/4076480/4001808.js, line 1197: unreachable code after return statement
1535574148148	geckodriver	INFO	geckodriver 0.21.0
1535574148153	geckodriver	INFO	Listening on 127.0.0.1:60943
1535574149170	mozrunner::runner	INFO	Running command: "/Applications/Firefox.app/Contents/MacOS/firefox-bin" "-marionette" "-foreground" "-no-remote" "-profile" "/var/folders/0y/x3rtnk3d19sfy3ty9x72zn9h0000gn/T/rust_mozprofile.Ad3Z2vRsAnmd"
2018-08-29 16:22:30.399 plugin-container[1225:69084] *** CFMessagePort: bootstrap_register(): failed 1100 (0x44c) 'Permission denied', port = 0x8403, name = 'com.apple.tsm.portname'
See /usr/include/servers/bootstrap_defs.h for the error codes.
2018-08-29 16:22:30.665 plugin-container[1226:69112] *** CFMessagePort: bootstrap_register(): failed 1100 (0x44c) 'Permission denied', port = 0x8f3f, name = 'com.apple.tsm.portname'
See /usr/include/servers/bootstrap_defs.h for the error codes.
1535574150821	Marionette	INFO	Listening on port 60954
1535574150900	Marionette	WARN	TLS certificate errors will be ignored for this session
2018-08-29 16:22:31.383 plugin-container[1227:69228] *** CFMessagePort: bootstrap_register(): failed 1100 (0x44c) 'Permission denied', port = 0x733f, name = 'com.apple.tsm.portname'
See /usr/include/servers/bootstrap_defs.h for the error codes.
JavaScript warning: https://static.pubmed.gov/portal/portal3rc.fcgi/4179591/js/3812534/4087685/3812535/4155155/3990644/3812291/3908752/3879255/4121861/4076480/4001808.js, line 1197: unreachable code after return statement
*** UTM:SVC TimerManager:registerTimer called after profile-before-change notification. Ignoring timer registration for id: telemetry_modules_ping
1535574309110	geckodriver	INFO	geckodriver 0.21.0
1535574309120	geckodriver	INFO	Listening on 127.0.0.1:61751
1535574310127	mozrunner::runner	INFO	Running command: "/Applications/Firefox.app/Contents/MacOS/firefox-bin" "-marionette" "-foreground" "-no-remote" "-profile" "/var/folders/0y/x3rtnk3d19sfy3ty9x72zn9h0000gn/T/rust_mozprofile.kyHZmsH3FqGW"
2018-08-29 16:25:11.734 plugin-container[1262:73567] *** CFMessagePort: bootstrap_register(): failed 1100 (0x44c) 'Permission denied', port = 0x893f, name = 'com.apple.tsm.portname'
See /usr/include/servers/bootstrap_defs.h for the error codes.
2018-08-29 16:25:12.015 plugin-container[1263:73627] *** CFMessagePort: bootstrap_register(): failed 1100 (0x44c) 'Permission denied', port = 0x823f, name = 'com.apple.tsm.portname'
See /usr/include/servers/bootstrap_defs.h for the error codes.
1535574312274	Marionette	INFO	Listening on port 61764
1535574312373	Marionette	WARN	TLS certificate errors will be ignored for this session
2018-08-29 16:25:12.655 plugin-container[1264:73796] *** CFMessagePort: bootstrap_register(): failed 1100 (0x44c) 'Permission denied', port = 0x843f, name = 'com.apple.tsm.portname'
See /usr/include/servers/bootstrap_defs.h for the error codes.
JavaScript warning: https://static.pubmed.gov/portal/portal3rc.fcgi/4179591/js/3812534/4087685/3812535/4155155/3990644/3812291/3908752/3879255/4121861/4076480/4001808.js, line 1197: unreachable code after return statement

###!!! [Child][RunMessage] Error: Channel closing: too late to send/recv, messages will be lost

1535574649303	geckodriver	INFO	geckodriver 0.21.0
1535574649312	geckodriver	INFO	Listening on 127.0.0.1:63336
1535574650323	mozrunner::runner	INFO	Running command: "/Applications/Firefox.app/Contents/MacOS/firefox-bin" "-marionette" "-foreground" "-no-remote" "-profile" "/var/folders/0y/x3rtnk3d19sfy3ty9x72zn9h0000gn/T/rust_mozprofile.5JZ3PJwn62Yu"
2018-08-29 16:30:51.586 plugin-container[1302:80838] *** CFMessagePort: bootstrap_register(): failed 1100 (0x44c) 'Permission denied', port = 0x7143, name = 'com.apple.tsm.portname'
See /usr/include/servers/bootstrap_defs.h for the error codes.
2018-08-29 16:30:51.819 plugin-container[1303:80889] *** CFMessagePort: bootstrap_register(): failed 1100 (0x44c) 'Permission denied', port = 0x8e3f, name = 'com.apple.tsm.portname'
See /usr/include/servers/bootstrap_defs.h for the error codes.
1535574651993	Marionette	INFO	Listening on port 63349
1535574652074	Marionette	WARN	TLS certificate errors will be ignored for this session
2018-08-29 16:30:52.556 plugin-container[1304:81033] *** CFMessagePort: bootstrap_register(): failed 1100 (0x44c) 'Permission denied', port = 0x780b, name = 'com.apple.tsm.portname'
See /usr/include/servers/bootstrap_defs.h for the error codes.
JavaScript warning: https://static.pubmed.gov/portal/portal3rc.fcgi/4179591/js/3812534/4087685/3812535/4155155/3990644/3812291/3908752/3879255/4121861/4076480/4001808.js, line 1197: unreachable code after return statement
1535574678711	geckodriver	INFO	geckodriver 0.21.0
1535574678716	geckodriver	INFO	Listening on 127.0.0.1:63516
1535574679725	mozrunner::runner	INFO	Running command: "/Applications/Firefox.app/Contents/MacOS/firefox-bin" "-marionette" "-foreground" "-no-remote" "-profile" "/var/folders/0y/x3rtnk3d19sfy3ty9x72zn9h0000gn/T/rust_mozprofile.RAC5M5cyTA4U"
2018-08-29 16:31:21.031 plugin-container[1320:82137] *** CFMessagePort: bootstrap_register(): failed 1100 (0x44c) 'Permission denied', port = 0x8343, name = 'com.apple.tsm.portname'
See /usr/include/servers/bootstrap_defs.h for the error codes.
2018-08-29 16:31:21.269 plugin-container[1321:82207] *** CFMessagePort: bootstrap_register(): failed 1100 (0x44c) 'Permission denied', port = 0x7a03, name = 'com.apple.tsm.portname'
See /usr/include/servers/bootstrap_defs.h for the error codes.
1535574681519	Marionette	INFO	Listening on port 63529
1535574681548	Marionette	WARN	TLS certificate errors will be ignored for this session
2018-08-29 16:31:21.995 plugin-container[1322:82362] *** CFMessagePort: bootstrap_register(): failed 1100 (0x44c) 'Permission denied', port = 0x8b3b, name = 'com.apple.tsm.portname'
See /usr/include/servers/bootstrap_defs.h for the error codes.
JavaScript warning: https://static.pubmed.gov/portal/portal3rc.fcgi/4179591/js/3812534/4087685/3812535/4155155/3990644/3812291/3908752/3879255/4121861/4076480/4001808.js, line 1197: unreachable code after return statement
1535574758793	geckodriver	INFO	geckodriver 0.21.0
1535574758804	geckodriver	INFO	Listening on 127.0.0.1:63923
1535574759813	mozrunner::runner	INFO	Running command: "/Applications/Firefox.app/Contents/MacOS/firefox-bin" "-marionette" "-foreground" "-no-remote" "-profile" "/var/folders/0y/x3rtnk3d19sfy3ty9x72zn9h0000gn/T/rust_mozprofile.nGipMUmHTPWJ"
2018-08-29 16:32:41.233 plugin-container[1372:84479] *** CFMessagePort: bootstrap_register(): failed 1100 (0x44c) 'Permission denied', port = 0x8a3f, name = 'com.apple.tsm.portname'
See /usr/include/servers/bootstrap_defs.h for the error codes.
2018-08-29 16:32:41.475 plugin-container[1373:84502] *** CFMessagePort: bootstrap_register(): failed 1100 (0x44c) 'Permission denied', port = 0x733f, name = 'com.apple.tsm.portname'
See /usr/include/servers/bootstrap_defs.h for the error codes.
1535574761674	Marionette	INFO	Listening on port 63936
1535574761751	Marionette	WARN	TLS certificate errors will be ignored for this session
2018-08-29 16:32:42.186 plugin-container[1374:84613] *** CFMessagePort: bootstrap_register(): failed 1100 (0x44c) 'Permission denied', port = 0x733f, name = 'com.apple.tsm.portname'
See /usr/include/servers/bootstrap_defs.h for the error codes.
JavaScript warning: https://static.pubmed.gov/portal/portal3rc.fcgi/4179591/js/3812534/4087685/3812535/4155155/3990644/3812291/3908752/3879255/4121861/4076480/4001808.js, line 1197: unreachable code after return statement
1535574798993	geckodriver	INFO	geckodriver 0.21.0
1535574799005	geckodriver	INFO	Listening on 127.0.0.1:64173
1535574800008	mozrunner::runner	INFO	Running command: "/Applications/Firefox.app/Contents/MacOS/firefox-bin" "-marionette" "-foreground" "-no-remote" "-profile" "/var/folders/0y/x3rtnk3d19sfy3ty9x72zn9h0000gn/T/rust_mozprofile.IlxFmaP6d58m"
2018-08-29 16:33:21.546 plugin-container[1395:86228] *** CFMessagePort: bootstrap_register(): failed 1100 (0x44c) 'Permission denied', port = 0x7e3f, name = 'com.apple.tsm.portname'
See /usr/include/servers/bootstrap_defs.h for the error codes.
2018-08-29 16:33:21.818 plugin-container[1396:86252] *** CFMessagePort: bootstrap_register(): failed 1100 (0x44c) 'Permission denied', port = 0x7403, name = 'com.apple.tsm.portname'
See /usr/include/servers/bootstrap_defs.h for the error codes.
1535574802005	Marionette	INFO	Listening on port 64186
1535574802066	Marionette	WARN	TLS certificate errors will be ignored for this session
2018-08-29 16:33:22.511 plugin-container[1397:86378] *** CFMessagePort: bootstrap_register(): failed 1100 (0x44c) 'Permission denied', port = 0x953f, name = 'com.apple.tsm.portname'
See /usr/include/servers/bootstrap_defs.h for the error codes.
JavaScript warning: https://static.pubmed.gov/portal/portal3rc.fcgi/4179591/js/3812534/4087685/3812535/4155155/3990644/3812291/3908752/3879255/4121861/4076480/4001808.js, line 1197: unreachable code after return statement
1535574970386	geckodriver	INFO	geckodriver 0.21.0
1535574970398	geckodriver	INFO	Listening on 127.0.0.1:65023
1535574971400	mozrunner::runner	INFO	Running command: "/Applications/Firefox.app/Contents/MacOS/firefox-bin" "-marionette" "-foreground" "-no-remote" "-profile" "/var/folders/0y/x3rtnk3d19sfy3ty9x72zn9h0000gn/T/rust_mozprofile.n4acI4Y0NCFP"
2018-08-29 16:36:13.064 plugin-container[1479:91106] *** CFMessagePort: bootstrap_register(): failed 1100 (0x44c) 'Permission denied', port = 0x773b, name = 'com.apple.tsm.portname'
See /usr/include/servers/bootstrap_defs.h for the error codes.
2018-08-29 16:36:13.322 plugin-container[1480:91130] *** CFMessagePort: bootstrap_register(): failed 1100 (0x44c) 'Permission denied', port = 0x873f, name = 'com.apple.tsm.portname'
See /usr/include/servers/bootstrap_defs.h for the error codes.
1535574973513	Marionette	INFO	Listening on port 65034
1535574973561	Marionette	WARN	TLS certificate errors will be ignored for this session
2018-08-29 16:36:14.051 plugin-container[1481:91241] *** CFMessagePort: bootstrap_register(): failed 1100 (0x44c) 'Permission denied', port = 0x7637, name = 'com.apple.tsm.portname'
See /usr/include/servers/bootstrap_defs.h for the error codes.
JavaScript warning: https://static.pubmed.gov/portal/portal3rc.fcgi/4179591/js/3812534/4087685/3812535/4155155/3990644/3812291/3908752/3879255/4121861/4076480/4001808.js, line 1197: unreachable code after return statement
1535575089807	geckodriver	INFO	geckodriver 0.21.0
1535575089824	geckodriver	INFO	Listening on 127.0.0.1:49253
1535575090823	mozrunner::runner	INFO	Running command: "/Applications/Firefox.app/Contents/MacOS/firefox-bin" "-marionette" "-foreground" "-no-remote" "-profile" "/var/folders/0y/x3rtnk3d19sfy3ty9x72zn9h0000gn/T/rust_mozprofile.akGzMLRVYMOI"
2018-08-29 16:38:12.471 plugin-container[1504:94034] *** CFMessagePort: bootstrap_register(): failed 1100 (0x44c) 'Permission denied', port = 0x7a43, name = 'com.apple.tsm.portname'
See /usr/include/servers/bootstrap_defs.h for the error codes.
2018-08-29 16:38:12.748 plugin-container[1505:94097] *** CFMessagePort: bootstrap_register(): failed 1100 (0x44c) 'Permission denied', port = 0x903f, name = 'com.apple.tsm.portname'
See /usr/include/servers/bootstrap_defs.h for the error codes.
1535575092942	Marionette	INFO	Listening on port 49266
1535575092997	Marionette	WARN	TLS certificate errors will be ignored for this session
2018-08-29 16:38:13.380 plugin-container[1506:94393] *** CFMessagePort: bootstrap_register(): failed 1100 (0x44c) 'Permission denied', port = 0x900b, name = 'com.apple.tsm.portname'
See /usr/include/servers/bootstrap_defs.h for the error codes.
JavaScript warning: https://static.pubmed.gov/portal/portal3rc.fcgi/4179591/js/3812534/4087685/3812535/4155155/3990644/3812291/3908752/3879255/4121861/4076480/4001808.js, line 1197: unreachable code after return statement
1535575135152	geckodriver	INFO	geckodriver 0.21.0
1535575135164	geckodriver	INFO	Listening on 127.0.0.1:49511
1535575136166	mozrunner::runner	INFO	Running command: "/Applications/Firefox.app/Contents/MacOS/firefox-bin" "-marionette" "-foreground" "-no-remote" "-profile" "/var/folders/0y/x3rtnk3d19sfy3ty9x72zn9h0000gn/T/rust_mozprofile.RPGwsremYgey"
2018-08-29 16:38:57.821 plugin-container[1516:95648] *** CFMessagePort: bootstrap_register(): failed 1100 (0x44c) 'Permission denied', port = 0x723f, name = 'com.apple.tsm.portname'
See /usr/include/servers/bootstrap_defs.h for the error codes.
2018-08-29 16:38:58.020 plugin-container[1517:95670] *** CFMessagePort: bootstrap_register(): failed 1100 (0x44c) 'Permission denied', port = 0x8843, name = 'com.apple.tsm.portname'
See /usr/include/servers/bootstrap_defs.h for the error codes.
1535575138244	Marionette	INFO	Listening on port 49522
1535575138304	Marionette	WARN	TLS certificate errors will be ignored for this session
2018-08-29 16:38:58.708 plugin-container[1518:95865] *** CFMessagePort: bootstrap_register(): failed 1100 (0x44c) 'Permission denied', port = 0x893b, name = 'com.apple.tsm.portname'
See /usr/include/servers/bootstrap_defs.h for the error codes.
JavaScript warning: https://static.pubmed.gov/portal/portal3rc.fcgi/4179591/js/3812534/4087685/3812535/4155155/3990644/3812291/3908752/3879255/4121861/4076480/4001808.js, line 1197: unreachable code after return statement
1535575937032	addons.productaddons	WARN	Failed downloading XML, status: 0, reason: error
1535575937033	addons.productaddons	WARN	Failed downloading XML, status: 0, reason: error
1535575937037	addons.productaddons	WARN	Failed downloading XML, status: 0, reason: error
1535575937041	addons.productaddons	WARN	Failed downloading XML, status: 0, reason: error
1535575937042	addons.productaddons	WARN	Failed downloading XML, status: 0, reason: error
1535575937059	addons.productaddons	WARN	Failed downloading via XHR, status: 0, reason: error
1535575937068	addons.productaddons	WARN	Failed downloading via XHR, status: 0, reason: error
1535575937068	addons.productaddons	WARN	Failed downloading via XHR, status: 0, reason: error
1535575937069	addons.productaddons	WARN	Failed downloading via XHR, status: 0, reason: error
1535575937071	addons.productaddons	WARN	Failed downloading XML, status: 0, reason: error
1535575937072	addons.productaddons	WARN	Failed downloading via XHR, status: 0, reason: error
1535575937076	addons.productaddons	WARN	Failed downloading via XHR, status: 0, reason: error
1535575937080	addons.productaddons	WARN	Failed downloading via XHR, status: 0, reason: error
1535575937081	addons.productaddons	WARN	Failed downloading via XHR, status: 0, reason: error
1535575937084	addons.productaddons	WARN	Failed downloading via XHR, status: 0, reason: error
1535575937090	addons.productaddons	WARN	Failed downloading via XHR, status: 0, reason: error
1535575937090	addons.productaddons	WARN	Failed downloading via XHR, status: 0, reason: error
1535575937109	addons.productaddons	WARN	Failed downloading via XHR, status: 0, reason: error
1535639144327	geckodriver	INFO	geckodriver 0.21.0
1535639144337	geckodriver	INFO	Listening on 127.0.0.1:56854
1535639145353	mozrunner::runner	INFO	Running command: "/Applications/Firefox.app/Contents/MacOS/firefox-bin" "-marionette" "-foreground" "-no-remote" "-profile" "/var/folders/0y/x3rtnk3d19sfy3ty9x72zn9h0000gn/T/rust_mozprofile.2uc8HdM9NpOF"
2018-08-30 10:25:47.163 plugin-container[2789:321908] *** CFMessagePort: bootstrap_register(): failed 1100 (0x44c) 'Permission denied', port = 0x8a37, name = 'com.apple.tsm.portname'
See /usr/include/servers/bootstrap_defs.h for the error codes.
2018-08-30 10:25:47.295 plugin-container[2790:321929] *** CFMessagePort: bootstrap_register(): failed 1100 (0x44c) 'Permission denied', port = 0x7343, name = 'com.apple.tsm.portname'
See /usr/include/servers/bootstrap_defs.h for the error codes.
1535639147577	Marionette	INFO	Listening on port 56861
1535639147603	Marionette	WARN	TLS certificate errors will be ignored for this session
2018-08-30 10:25:48.089 plugin-container[2791:322046] *** CFMessagePort: bootstrap_register(): failed 1100 (0x44c) 'Permission denied', port = 0x6c3f, name = 'com.apple.tsm.portname'
See /usr/include/servers/bootstrap_defs.h for the error codes.
JavaScript warning: https://static.pubmed.gov/portal/portal3rc.fcgi/4179591/js/3812534/4087685/3812535/4155155/3990644/3812291/3908752/3879255/4121861/4076480/4001808.js, line 1197: unreachable code after return statement
*** UTM:SVC TimerManager:registerTimer called after profile-before-change notification. Ignoring timer registration for id: telemetry_modules_ping
1535639581562	geckodriver	INFO	geckodriver 0.21.0
1535639581567	geckodriver	INFO	Listening on 127.0.0.1:57607
1535639582588	mozrunner::runner	INFO	Running command: "/Applications/Firefox.app/Contents/MacOS/firefox-bin" "-marionette" "-foreground" "-no-remote" "-profile" "/var/folders/0y/x3rtnk3d19sfy3ty9x72zn9h0000gn/T/rust_mozprofile.aKaNG37pLCEN"
2018-08-30 10:33:03.799 plugin-container[2843:331326] *** CFMessagePort: bootstrap_register(): failed 1100 (0x44c) 'Permission denied', port = 0x6c43, name = 'com.apple.tsm.portname'
See /usr/include/servers/bootstrap_defs.h for the error codes.
2018-08-30 10:33:04.062 plugin-container[2844:331348] *** CFMessagePort: bootstrap_register(): failed 1100 (0x44c) 'Permission denied', port = 0x7803, name = 'com.apple.tsm.portname'
See /usr/include/servers/bootstrap_defs.h for the error codes.
1535639584259	Marionette	INFO	Listening on port 57618
1535639584326	Marionette	WARN	TLS certificate errors will be ignored for this session
2018-08-30 10:33:04.768 plugin-container[2845:331459] *** CFMessagePort: bootstrap_register(): failed 1100 (0x44c) 'Permission denied', port = 0x753f, name = 'com.apple.tsm.portname'
See /usr/include/servers/bootstrap_defs.h for the error codes.
JavaScript warning: https://static.pubmed.gov/portal/portal3rc.fcgi/4179591/js/3812534/4087685/3812535/4155155/3990644/3812291/3908752/3879255/4121861/4076480/4001808.js, line 1197: unreachable code after return statement
*** UTM:SVC TimerManager:registerTimer called after profile-before-change notification. Ignoring timer registration for id: telemetry_modules_ping
1535639715686	geckodriver	INFO	geckodriver 0.21.0
1535639715692	geckodriver	INFO	Listening on 127.0.0.1:58264
1535639716710	mozrunner::runner	INFO	Running command: "/Applications/Firefox.app/Contents/MacOS/firefox-bin" "-marionette" "-foreground" "-no-remote" "-profile" "/var/folders/0y/x3rtnk3d19sfy3ty9x72zn9h0000gn/T/rust_mozprofile.wmJqK6j2J9sb"
2018-08-30 10:35:18.082 plugin-container[2862:334647] *** CFMessagePort: bootstrap_register(): failed 1100 (0x44c) 'Permission denied', port = 0x703f, name = 'com.apple.tsm.portname'
See /usr/include/servers/bootstrap_defs.h for the error codes.
2018-08-30 10:35:18.128 plugin-container[2863:334665] *** CFMessagePort: bootstrap_register(): failed 1100 (0x44c) 'Permission denied', port = 0x893f, name = 'com.apple.tsm.portname'
See /usr/include/servers/bootstrap_defs.h for the error codes.
1535639718314	Marionette	INFO	Listening on port 58275
1535639718364	Marionette	WARN	TLS certificate errors will be ignored for this session
2018-08-30 10:35:18.971 plugin-container[2864:334789] *** CFMessagePort: bootstrap_register(): failed 1100 (0x44c) 'Permission denied', port = 0x8603, name = 'com.apple.tsm.portname'
See /usr/include/servers/bootstrap_defs.h for the error codes.
JavaScript warning: https://static.pubmed.gov/portal/portal3rc.fcgi/4179591/js/3812534/4087685/3812535/4155155/3990644/3812291/3908752/3879255/4121861/4076480/4001808.js, line 1197: unreachable code after return statement
1535639755071	geckodriver	INFO	geckodriver 0.21.0
1535639755076	geckodriver	INFO	Listening on 127.0.0.1:58493
1535639756095	mozrunner::runner	INFO	Running command: "/Applications/Firefox.app/Contents/MacOS/firefox-bin" "-marionette" "-foreground" "-no-remote" "-profile" "/var/folders/0y/x3rtnk3d19sfy3ty9x72zn9h0000gn/T/rust_mozprofile.YdgjN6DeNQkq"
2018-08-30 10:35:57.270 plugin-container[2867:335724] *** CFMessagePort: bootstrap_register(): failed 1100 (0x44c) 'Permission denied', port = 0x7647, name = 'com.apple.tsm.portname'
See /usr/include/servers/bootstrap_defs.h for the error codes.
2018-08-30 10:35:57.490 plugin-container[2868:335747] *** CFMessagePort: bootstrap_register(): failed 1100 (0x44c) 'Permission denied', port = 0x7d3f, name = 'com.apple.tsm.portname'
See /usr/include/servers/bootstrap_defs.h for the error codes.
1535639757735	Marionette	INFO	Listening on port 58504
1535639757828	Marionette	WARN	TLS certificate errors will be ignored for this session
2018-08-30 10:35:58.276 plugin-container[2869:335864] *** CFMessagePort: bootstrap_register(): failed 1100 (0x44c) 'Permission denied', port = 0x7533, name = 'com.apple.tsm.portname'
See /usr/include/servers/bootstrap_defs.h for the error codes.
JavaScript warning: https://static.pubmed.gov/portal/portal3rc.fcgi/4179591/js/3812534/4087685/3812535/4155155/3990644/3812291/3908752/3879255/4121861/4076480/4001808.js, line 1197: unreachable code after return statement
*** UTM:SVC TimerManager:registerTimer called after profile-before-change notification. Ignoring timer registration for id: telemetry_modules_ping
1535639839438	geckodriver	INFO	geckodriver 0.21.0
1535639839443	geckodriver	INFO	Listening on 127.0.0.1:58674
1535639840461	mozrunner::runner	INFO	Running command: "/Applications/Firefox.app/Contents/MacOS/firefox-bin" "-marionette" "-foreground" "-no-remote" "-profile" "/var/folders/0y/x3rtnk3d19sfy3ty9x72zn9h0000gn/T/rust_mozprofile.W8uvV7YJJSIV"
2018-08-30 10:37:21.657 plugin-container[2885:337934] *** CFMessagePort: bootstrap_register(): failed 1100 (0x44c) 'Permission denied', port = 0x743f, name = 'com.apple.tsm.portname'
See /usr/include/servers/bootstrap_defs.h for the error codes.
2018-08-30 10:37:21.872 plugin-container[2886:337958] *** CFMessagePort: bootstrap_register(): failed 1100 (0x44c) 'Permission denied', port = 0x7b3f, name = 'com.apple.tsm.portname'
See /usr/include/servers/bootstrap_defs.h for the error codes.
1535639842033	Marionette	INFO	Listening on port 58681
1535639842103	Marionette	WARN	TLS certificate errors will be ignored for this session
2018-08-30 10:37:22.627 plugin-container[2887:338067] *** CFMessagePort: bootstrap_register(): failed 1100 (0x44c) 'Permission denied', port = 0x762f, name = 'com.apple.tsm.portname'
See /usr/include/servers/bootstrap_defs.h for the error codes.
JavaScript warning: https://static.pubmed.gov/portal/portal3rc.fcgi/4179591/js/3812534/4087685/3812535/4155155/3990644/3812291/3908752/3879255/4121861/4076480/4001808.js, line 1197: unreachable code after return statement
1535640416806	geckodriver	INFO	geckodriver 0.21.0
1535640416817	geckodriver	INFO	Listening on 127.0.0.1:59665
1535640417829	mozrunner::runner	INFO	Running command: "/Applications/Firefox.app/Contents/MacOS/firefox-bin" "-marionette" "-foreground" "-no-remote" "-profile" "/var/folders/0y/x3rtnk3d19sfy3ty9x72zn9h0000gn/T/rust_mozprofile.c4rXoMwRrIwk"
2018-08-30 10:46:59.141 plugin-container[2983:350554] *** CFMessagePort: bootstrap_register(): failed 1100 (0x44c) 'Permission denied', port = 0x7a3f, name = 'com.apple.tsm.portname'
See /usr/include/servers/bootstrap_defs.h for the error codes.
2018-08-30 10:46:59.392 plugin-container[2984:350615] *** CFMessagePort: bootstrap_register(): failed 1100 (0x44c) 'Permission denied', port = 0x8a43, name = 'com.apple.tsm.portname'
See /usr/include/servers/bootstrap_defs.h for the error codes.
1535640419578	Marionette	INFO	Listening on port 59680
1535640419609	Marionette	WARN	TLS certificate errors will be ignored for this session
2018-08-30 10:47:00.100 plugin-container[2985:350811] *** CFMessagePort: bootstrap_register(): failed 1100 (0x44c) 'Permission denied', port = 0x860b, name = 'com.apple.tsm.portname'
See /usr/include/servers/bootstrap_defs.h for the error codes.
JavaScript warning: https://static.pubmed.gov/portal/portal3rc.fcgi/4179591/js/3812534/4087685/3812535/4155155/3990644/3812291/3908752/3879255/4121861/4076480/4001808.js, line 1197: unreachable code after return statement
2018-08-30 10:47:52.493 plugin-container[2987:351982] *** CFMessagePort: bootstrap_register(): failed 1100 (0x44c) 'Permission denied', port = 0x8b3f, name = 'com.apple.tsm.portname'
See /usr/include/servers/bootstrap_defs.h for the error codes.
*** UTM:SVC TimerManager:registerTimer called after profile-before-change notification. Ignoring timer registration for id: telemetry_modules_ping
1535640480352	geckodriver	INFO	geckodriver 0.21.0
1535640480363	geckodriver	INFO	Listening on 127.0.0.1:60013
1535640481377	mozrunner::runner	INFO	Running command: "/Applications/Firefox.app/Contents/MacOS/firefox-bin" "-marionette" "-foreground" "-no-remote" "-profile" "/var/folders/0y/x3rtnk3d19sfy3ty9x72zn9h0000gn/T/rust_mozprofile.RQDAuZZ9oJ4O"
2018-08-30 10:48:02.626 plugin-container[2995:352448] *** CFMessagePort: bootstrap_register(): failed 1100 (0x44c) 'Permission denied', port = 0x7503, name = 'com.apple.tsm.portname'
See /usr/include/servers/bootstrap_defs.h for the error codes.
2018-08-30 10:48:02.866 plugin-container[2996:352470] *** CFMessagePort: bootstrap_register(): failed 1100 (0x44c) 'Permission denied', port = 0x763f, name = 'com.apple.tsm.portname'
See /usr/include/servers/bootstrap_defs.h for the error codes.
1535640483021	Marionette	INFO	Listening on port 60024
1535640483041	Marionette	WARN	TLS certificate errors will be ignored for this session
2018-08-30 10:48:03.611 plugin-container[2997:352779] *** CFMessagePort: bootstrap_register(): failed 1100 (0x44c) 'Permission denied', port = 0x893f, name = 'com.apple.tsm.portname'
See /usr/include/servers/bootstrap_defs.h for the error codes.
JavaScript warning: https://static.pubmed.gov/portal/portal3rc.fcgi/4179591/js/3812534/4087685/3812535/4155155/3990644/3812291/3908752/3879255/4121861/4076480/4001808.js, line 1197: unreachable code after return statement
1535640587293	geckodriver	INFO	geckodriver 0.21.0
1535640587305	geckodriver	INFO	Listening on 127.0.0.1:60509
1535640588308	mozrunner::runner	INFO	Running command: "/Applications/Firefox.app/Contents/MacOS/firefox-bin" "-marionette" "-foreground" "-no-remote" "-profile" "/var/folders/0y/x3rtnk3d19sfy3ty9x72zn9h0000gn/T/rust_mozprofile.JxwCMtcMaX9B"
2018-08-30 10:49:49.638 plugin-container[3010:354949] *** CFMessagePort: bootstrap_register(): failed 1100 (0x44c) 'Permission denied', port = 0x853f, name = 'com.apple.tsm.portname'
See /usr/include/servers/bootstrap_defs.h for the error codes.
2018-08-30 10:49:49.847 plugin-container[3011:354973] *** CFMessagePort: bootstrap_register(): failed 1100 (0x44c) 'Permission denied', port = 0x8d3f, name = 'com.apple.tsm.portname'
See /usr/include/servers/bootstrap_defs.h for the error codes.
1535640590044	Marionette	INFO	Listening on port 60524
1535640590070	Marionette	WARN	TLS certificate errors will be ignored for this session
2018-08-30 10:49:50.570 plugin-container[3012:355086] *** CFMessagePort: bootstrap_register(): failed 1100 (0x44c) 'Permission denied', port = 0x8c3f, name = 'com.apple.tsm.portname'
See /usr/include/servers/bootstrap_defs.h for the error codes.
JavaScript warning: https://static.pubmed.gov/portal/portal3rc.fcgi/4179591/js/3812534/4087685/3812535/4155155/3990644/3812291/3908752/3879255/4121861/4076480/4001808.js, line 1197: unreachable code after return statement

###!!! [Child][RunMessage] Error: Channel closing: too late to send/recv, messages will be lost

*** UTM:SVC TimerManager:registerTimer called after profile-before-change notification. Ignoring timer registration for id: telemetry_modules_ping
1535640659808	geckodriver	INFO	geckodriver 0.21.0
1535640659813	geckodriver	INFO	Listening on 127.0.0.1:60910
1535640660826	mozrunner::runner	INFO	Running command: "/Applications/Firefox.app/Contents/MacOS/firefox-bin" "-marionette" "-foreground" "-no-remote" "-profile" "/var/folders/0y/x3rtnk3d19sfy3ty9x72zn9h0000gn/T/rust_mozprofile.iWAkLUfyLXPi"
2018-08-30 10:51:02.105 plugin-container[3024:356674] *** CFMessagePort: bootstrap_register(): failed 1100 (0x44c) 'Permission denied', port = 0x893f, name = 'com.apple.tsm.portname'
See /usr/include/servers/bootstrap_defs.h for the error codes.
2018-08-30 10:51:02.329 plugin-container[3025:356697] *** CFMessagePort: bootstrap_register(): failed 1100 (0x44c) 'Permission denied', port = 0x843f, name = 'com.apple.tsm.portname'
See /usr/include/servers/bootstrap_defs.h for the error codes.
1535640662503	Marionette	INFO	Listening on port 60923
1535640662573	Marionette	WARN	TLS certificate errors will be ignored for this session
2018-08-30 10:51:03.084 plugin-container[3026:356808] *** CFMessagePort: bootstrap_register(): failed 1100 (0x44c) 'Permission denied', port = 0x7703, name = 'com.apple.tsm.portname'
See /usr/include/servers/bootstrap_defs.h for the error codes.
JavaScript warning: https://static.pubmed.gov/portal/portal3rc.fcgi/4179591/js/3812534/4087685/3812535/4155155/3990644/3812291/3908752/3879255/4121861/4076480/4001808.js, line 1197: unreachable code after return statement
2018-08-30 10:53:40.901 plugin-container[3035:359423] *** CFMessagePort: bootstrap_register(): failed 1100 (0x44c) 'Permission denied', port = 0x7803, name = 'com.apple.tsm.portname'
See /usr/include/servers/bootstrap_defs.h for the error codes.
1535641007095	geckodriver	INFO	geckodriver 0.21.0
1535641007110	geckodriver	INFO	Listening on 127.0.0.1:61816
1535641008111	mozrunner::runner	INFO	Running command: "/Applications/Firefox.app/Contents/MacOS/firefox-bin" "-marionette" "-foreground" "-no-remote" "-profile" "/var/folders/0y/x3rtnk3d19sfy3ty9x72zn9h0000gn/T/rust_mozprofile.2IS65MgMKbMg"
2018-08-30 10:56:49.611 plugin-container[3054:363753] *** CFMessagePort: bootstrap_register(): failed 1100 (0x44c) 'Permission denied', port = 0x773f, name = 'com.apple.tsm.portname'
See /usr/include/servers/bootstrap_defs.h for the error codes.
2018-08-30 10:56:49.844 plugin-container[3055:363800] *** CFMessagePort: bootstrap_register(): failed 1100 (0x44c) 'Permission denied', port = 0x7e3f, name = 'com.apple.tsm.portname'
See /usr/include/servers/bootstrap_defs.h for the error codes.
1535641010107	Marionette	INFO	Listening on port 61823
1535641010185	Marionette	WARN	TLS certificate errors will be ignored for this session
2018-08-30 10:56:50.520 plugin-container[3056:363906] *** CFMessagePort: bootstrap_register(): failed 1100 (0x44c) 'Permission denied', port = 0x8b0b, name = 'com.apple.tsm.portname'
See /usr/include/servers/bootstrap_defs.h for the error codes.
JavaScript warning: https://static.pubmed.gov/portal/portal3rc.fcgi/4179591/js/3812534/4087685/3812535/4155155/3990644/3812291/3908752/3879255/4121861/4076480/4001808.js, line 1197: unreachable code after return statement
*** UTM:SVC TimerManager:registerTimer called after profile-before-change notification. Ignoring timer registration for id: telemetry_modules_ping
1535641180237	geckodriver	INFO	geckodriver 0.21.0
1535641180247	geckodriver	INFO	Listening on 127.0.0.1:62316
1535641181258	mozrunner::runner	INFO	Running command: "/Applications/Firefox.app/Contents/MacOS/firefox-bin" "-marionette" "-foreground" "-no-remote" "-profile" "/var/folders/0y/x3rtnk3d19sfy3ty9x72zn9h0000gn/T/rust_mozprofile.KfFMgKw9spQn"
2018-08-30 10:59:42.782 plugin-container[3080:368118] *** CFMessagePort: bootstrap_register(): failed 1100 (0x44c) 'Permission denied', port = 0x8943, name = 'com.apple.tsm.portname'
See /usr/include/servers/bootstrap_defs.h for the error codes.
2018-08-30 10:59:43.047 plugin-container[3081:368145] *** CFMessagePort: bootstrap_register(): failed 1100 (0x44c) 'Permission denied', port = 0x703f, name = 'com.apple.tsm.portname'
See /usr/include/servers/bootstrap_defs.h for the error codes.
1535641183263	Marionette	INFO	Listening on port 62327
1535641183325	Marionette	WARN	TLS certificate errors will be ignored for this session
2018-08-30 10:59:43.791 plugin-container[3082:368272] *** CFMessagePort: bootstrap_register(): failed 1100 (0x44c) 'Permission denied', port = 0x883f, name = 'com.apple.tsm.portname'
See /usr/include/servers/bootstrap_defs.h for the error codes.
JavaScript warning: https://static.pubmed.gov/portal/portal3rc.fcgi/4179591/js/3812534/4087685/3812535/4155155/3990644/3812291/3908752/3879255/4121861/4076480/4001808.js, line 1197: unreachable code after return statement
*** UTM:SVC TimerManager:registerTimer called after profile-before-change notification. Ignoring timer registration for id: telemetry_modules_ping
1535641236464	geckodriver	INFO	geckodriver 0.21.0
1535641236476	geckodriver	INFO	Listening on 127.0.0.1:62619
1535641237485	mozrunner::runner	INFO	Running command: "/Applications/Firefox.app/Contents/MacOS/firefox-bin" "-marionette" "-foreground" "-no-remote" "-profile" "/var/folders/0y/x3rtnk3d19sfy3ty9x72zn9h0000gn/T/rust_mozprofile.0tAsxhxNuo84"
2018-08-30 11:00:38.766 plugin-container[3091:369566] *** CFMessagePort: bootstrap_register(): failed 1100 (0x44c) 'Permission denied', port = 0x883f, name = 'com.apple.tsm.portname'
See /usr/include/servers/bootstrap_defs.h for the error codes.
2018-08-30 11:00:39.008 plugin-container[3092:369589] *** CFMessagePort: bootstrap_register(): failed 1100 (0x44c) 'Permission denied', port = 0x783f, name = 'com.apple.tsm.portname'
See /usr/include/servers/bootstrap_defs.h for the error codes.
1535641239183	Marionette	INFO	Listening on port 62630
1535641239248	Marionette	WARN	TLS certificate errors will be ignored for this session
2018-08-30 11:00:39.776 plugin-container[3093:369706] *** CFMessagePort: bootstrap_register(): failed 1100 (0x44c) 'Permission denied', port = 0x8a3f, name = 'com.apple.tsm.portname'
See /usr/include/servers/bootstrap_defs.h for the error codes.
JavaScript warning: https://static.pubmed.gov/portal/portal3rc.fcgi/4179591/js/3812534/4087685/3812535/4155155/3990644/3812291/3908752/3879255/4121861/4076480/4001808.js, line 1197: unreachable code after return statement
*** UTM:SVC TimerManager:registerTimer called after profile-before-change notification. Ignoring timer registration for id: telemetry_modules_ping
1535641289115	geckodriver	INFO	geckodriver 0.21.0
1535641289126	geckodriver	INFO	Listening on 127.0.0.1:62904
1535641290136	mozrunner::runner	INFO	Running command: "/Applications/Firefox.app/Contents/MacOS/firefox-bin" "-marionette" "-foreground" "-no-remote" "-profile" "/var/folders/0y/x3rtnk3d19sfy3ty9x72zn9h0000gn/T/rust_mozprofile.OPqjNm8MzLpa"
2018-08-30 11:01:31.428 plugin-container[3101:371065] *** CFMessagePort: bootstrap_register(): failed 1100 (0x44c) 'Permission denied', port = 0x883f, name = 'com.apple.tsm.portname'
See /usr/include/servers/bootstrap_defs.h for the error codes.
2018-08-30 11:01:31.670 plugin-container[3102:371088] *** CFMessagePort: bootstrap_register(): failed 1100 (0x44c) 'Permission denied', port = 0x7603, name = 'com.apple.tsm.portname'
See /usr/include/servers/bootstrap_defs.h for the error codes.
1535641291847	Marionette	INFO	Listening on port 62915
1535641291899	Marionette	WARN	TLS certificate errors will be ignored for this session
2018-08-30 11:01:32.398 plugin-container[3103:371230] *** CFMessagePort: bootstrap_register(): failed 1100 (0x44c) 'Permission denied', port = 0x893f, name = 'com.apple.tsm.portname'
See /usr/include/servers/bootstrap_defs.h for the error codes.
JavaScript warning: https://static.pubmed.gov/portal/portal3rc.fcgi/4179591/js/3812534/4087685/3812535/4155155/3990644/3812291/3908752/3879255/4121861/4076480/4001808.js, line 1197: unreachable code after return statement
1535641393024	geckodriver	INFO	geckodriver 0.21.0
1535641393036	geckodriver	INFO	Listening on 127.0.0.1:63429
1535641394050	mozrunner::runner	INFO	Running command: "/Applications/Firefox.app/Contents/MacOS/firefox-bin" "-marionette" "-foreground" "-no-remote" "-profile" "/var/folders/0y/x3rtnk3d19sfy3ty9x72zn9h0000gn/T/rust_mozprofile.62miA0bxMNAc"
2018-08-30 11:03:15.392 plugin-container[3119:373987] *** CFMessagePort: bootstrap_register(): failed 1100 (0x44c) 'Permission denied', port = 0x7c3f, name = 'com.apple.tsm.portname'
See /usr/include/servers/bootstrap_defs.h for the error codes.
2018-08-30 11:03:15.643 plugin-container[3120:374010] *** CFMessagePort: bootstrap_register(): failed 1100 (0x44c) 'Permission denied', port = 0x7203, name = 'com.apple.tsm.portname'
See /usr/include/servers/bootstrap_defs.h for the error codes.
1535641395822	Marionette	INFO	Listening on port 63440
1535641395903	Marionette	WARN	TLS certificate errors will be ignored for this session
2018-08-30 11:03:16.336 plugin-container[3121:374148] *** CFMessagePort: bootstrap_register(): failed 1100 (0x44c) 'Permission denied', port = 0x8c3b, name = 'com.apple.tsm.portname'
See /usr/include/servers/bootstrap_defs.h for the error codes.
JavaScript warning: https://static.pubmed.gov/portal/portal3rc.fcgi/4179591/js/3812534/4087685/3812535/4155155/3990644/3812291/3908752/3879255/4121861/4076480/4001808.js, line 1197: unreachable code after return statement
*** UTM:SVC TimerManager:registerTimer called after profile-before-change notification. Ignoring timer registration for id: telemetry_modules_ping
1535641432879	geckodriver	INFO	geckodriver 0.21.0
1535641432885	geckodriver	INFO	Listening on 127.0.0.1:63668
1535641433906	mozrunner::runner	INFO	Running command: "/Applications/Firefox.app/Contents/MacOS/firefox-bin" "-marionette" "-foreground" "-no-remote" "-profile" "/var/folders/0y/x3rtnk3d19sfy3ty9x72zn9h0000gn/T/rust_mozprofile.qqorUtWRUUgi"
2018-08-30 11:03:55.207 plugin-container[3132:375338] *** CFMessagePort: bootstrap_register(): failed 1100 (0x44c) 'Permission denied', port = 0x8403, name = 'com.apple.tsm.portname'
See /usr/include/servers/bootstrap_defs.h for the error codes.
2018-08-30 11:03:55.391 plugin-container[3133:375362] *** CFMessagePort: bootstrap_register(): failed 1100 (0x44c) 'Permission denied', port = 0x8543, name = 'com.apple.tsm.portname'
See /usr/include/servers/bootstrap_defs.h for the error codes.
1535641435562	Marionette	INFO	Listening on port 63679
1535641435656	Marionette	WARN	TLS certificate errors will be ignored for this session
2018-08-30 11:03:56.135 plugin-container[3134:375507] *** CFMessagePort: bootstrap_register(): failed 1100 (0x44c) 'Permission denied', port = 0x8b3f, name = 'com.apple.tsm.portname'
See /usr/include/servers/bootstrap_defs.h for the error codes.
JavaScript warning: https://static.pubmed.gov/portal/portal3rc.fcgi/4179591/js/3812534/4087685/3812535/4155155/3990644/3812291/3908752/3879255/4121861/4076480/4001808.js, line 1197: unreachable code after return statement
1535641455039	geckodriver	INFO	geckodriver 0.21.0
1535641455045	geckodriver	INFO	Listening on 127.0.0.1:63815
1535641456061	mozrunner::runner	INFO	Running command: "/Applications/Firefox.app/Contents/MacOS/firefox-bin" "-marionette" "-foreground" "-no-remote" "-profile" "/var/folders/0y/x3rtnk3d19sfy3ty9x72zn9h0000gn/T/rust_mozprofile.CxEVTOseeZil"
2018-08-30 11:04:17.359 plugin-container[3142:376181] *** CFMessagePort: bootstrap_register(): failed 1100 (0x44c) 'Permission denied', port = 0x782f, name = 'com.apple.tsm.portname'
See /usr/include/servers/bootstrap_defs.h for the error codes.
2018-08-30 11:04:17.614 plugin-container[3143:376206] *** CFMessagePort: bootstrap_register(): failed 1100 (0x44c) 'Permission denied', port = 0x833f, name = 'com.apple.tsm.portname'
See /usr/include/servers/bootstrap_defs.h for the error codes.
1535641457789	Marionette	INFO	Listening on port 63828
1535641457837	Marionette	WARN	TLS certificate errors will be ignored for this session
2018-08-30 11:04:18.300 plugin-container[3144:376326] *** CFMessagePort: bootstrap_register(): failed 1100 (0x44c) 'Permission denied', port = 0x870b, name = 'com.apple.tsm.portname'
See /usr/include/servers/bootstrap_defs.h for the error codes.
JavaScript warning: https://static.pubmed.gov/portal/portal3rc.fcgi/4179591/js/3812534/4087685/3812535/4155155/3990644/3812291/3908752/3879255/4121861/4076480/4001808.js, line 1197: unreachable code after return statement

###!!! [Child][RunMessage] Error: Channel closing: too late to send/recv, messages will be lost


###!!! [Child][RunMessage] Error: Channel closing: too late to send/recv, messages will be lost

*** UTM:SVC TimerManager:registerTimer called after profile-before-change notification. Ignoring timer registration for id: telemetry_modules_ping
*** UTM:SVC TimerManager:registerTimer called after profile-before-change notification. Ignoring timer registration for id: telemetry_modules_ping
JavaScript error: resource://gre/modules/osfile/osfile_async_front.jsm, line 408: Error: OS.File has been shut down. Rejecting post to stat
1535641571788	geckodriver	INFO	geckodriver 0.21.0
1535641571800	geckodriver	INFO	Listening on 127.0.0.1:64352
1535641572813	mozrunner::runner	INFO	Running command: "/Applications/Firefox.app/Contents/MacOS/firefox-bin" "-marionette" "-foreground" "-no-remote" "-profile" "/var/folders/0y/x3rtnk3d19sfy3ty9x72zn9h0000gn/T/rust_mozprofile.Z1XwPtP5jW6O"
2018-08-30 11:06:14.104 plugin-container[3154:378665] *** CFMessagePort: bootstrap_register(): failed 1100 (0x44c) 'Permission denied', port = 0x843f, name = 'com.apple.tsm.portname'
See /usr/include/servers/bootstrap_defs.h for the error codes.
2018-08-30 11:06:14.333 plugin-container[3155:378691] *** CFMessagePort: bootstrap_register(): failed 1100 (0x44c) 'Permission denied', port = 0x853f, name = 'com.apple.tsm.portname'
See /usr/include/servers/bootstrap_defs.h for the error codes.
1535641574480	Marionette	INFO	Listening on port 64363
1535641574547	Marionette	WARN	TLS certificate errors will be ignored for this session
2018-08-30 11:06:15.064 plugin-container[3156:378857] *** CFMessagePort: bootstrap_register(): failed 1100 (0x44c) 'Permission denied', port = 0x8503, name = 'com.apple.tsm.portname'
See /usr/include/servers/bootstrap_defs.h for the error codes.
JavaScript warning: https://static.pubmed.gov/portal/portal3rc.fcgi/4179591/js/3812534/4087685/3812535/4155155/3990644/3812291/3908752/3879255/4121861/4076480/4001808.js, line 1197: unreachable code after return statement

###!!! [Child][RunMessage] Error: Channel closing: too late to send/recv, messages will be lost

2018-08-30 11:07:02.774 plugin-container[3159:379740] *** CFMessagePort: bootstrap_register(): failed 1100 (0x44c) 'Permission denied', port = 0x7737, name = 'com.apple.tsm.portname'
See /usr/include/servers/bootstrap_defs.h for the error codes.
*** UTM:SVC TimerManager:registerTimer called after profile-before-change notification. Ignoring timer registration for id: telemetry_modules_ping
1535641653661	geckodriver	INFO	geckodriver 0.21.0
1535641653673	geckodriver	INFO	Listening on 127.0.0.1:64790
1535641654684	mozrunner::runner	INFO	Running command: "/Applications/Firefox.app/Contents/MacOS/firefox-bin" "-marionette" "-foreground" "-no-remote" "-profile" "/var/folders/0y/x3rtnk3d19sfy3ty9x72zn9h0000gn/T/rust_mozprofile.ItDGRtRpZ4NS"
2018-08-30 11:07:35.905 plugin-container[3172:380746] *** CFMessagePort: bootstrap_register(): failed 1100 (0x44c) 'Permission denied', port = 0x7c3f, name = 'com.apple.tsm.portname'
See /usr/include/servers/bootstrap_defs.h for the error codes.
2018-08-30 11:07:36.221 plugin-container[3173:380789] *** CFMessagePort: bootstrap_register(): failed 1100 (0x44c) 'Permission denied', port = 0x843f, name = 'com.apple.tsm.portname'
See /usr/include/servers/bootstrap_defs.h for the error codes.
1535641656374	Marionette	INFO	Listening on port 64801
1535641656444	Marionette	WARN	TLS certificate errors will be ignored for this session
2018-08-30 11:07:36.904 plugin-container[3174:380907] *** CFMessagePort: bootstrap_register(): failed 1100 (0x44c) 'Permission denied', port = 0x793f, name = 'com.apple.tsm.portname'
See /usr/include/servers/bootstrap_defs.h for the error codes.
JavaScript warning: https://static.pubmed.gov/portal/portal3rc.fcgi/4179591/js/3812534/4087685/3812535/4155155/3990644/3812291/3908752/3879255/4121861/4076480/4001808.js, line 1197: unreachable code after return statement
1535641680896	geckodriver	INFO	geckodriver 0.21.0
1535641680906	geckodriver	INFO	Listening on 127.0.0.1:64980
1535641681923	mozrunner::runner	INFO	Running command: "/Applications/Firefox.app/Contents/MacOS/firefox-bin" "-marionette" "-foreground" "-no-remote" "-profile" "/var/folders/0y/x3rtnk3d19sfy3ty9x72zn9h0000gn/T/rust_mozprofile.slE8DYeSyZqr"
2018-08-30 11:08:03.204 plugin-container[3183:381687] *** CFMessagePort: bootstrap_register(): failed 1100 (0x44c) 'Permission denied', port = 0x8c3f, name = 'com.apple.tsm.portname'
See /usr/include/servers/bootstrap_defs.h for the error codes.
2018-08-30 11:08:03.470 plugin-container[3184:381709] *** CFMessagePort: bootstrap_register(): failed 1100 (0x44c) 'Permission denied', port = 0x8003, name = 'com.apple.tsm.portname'
See /usr/include/servers/bootstrap_defs.h for the error codes.
1535641683639	Marionette	INFO	Listening on port 64991
1535641683691	Marionette	WARN	TLS certificate errors will be ignored for this session
2018-08-30 11:08:04.201 plugin-container[3185:381822] *** CFMessagePort: bootstrap_register(): failed 1100 (0x44c) 'Permission denied', port = 0x8c37, name = 'com.apple.tsm.portname'
See /usr/include/servers/bootstrap_defs.h for the error codes.
JavaScript warning: https://static.pubmed.gov/portal/portal3rc.fcgi/4179591/js/3812534/4087685/3812535/4155155/3990644/3812291/3908752/3879255/4121861/4076480/4001808.js, line 1197: unreachable code after return statement

###!!! [Child][RunMessage] Error: Channel closing: too late to send/recv, messages will be lost

*** UTM:SVC TimerManager:registerTimer called after profile-before-change notification. Ignoring timer registration for id: telemetry_modules_ping
*** UTM:SVC TimerManager:registerTimer called after profile-before-change notification. Ignoring timer registration for id: telemetry_modules_ping
1535641993777	geckodriver	INFO	geckodriver 0.21.0
1535641993783	geckodriver	INFO	Listening on 127.0.0.1:49980
1535641994800	mozrunner::runner	INFO	Running command: "/Applications/Firefox.app/Contents/MacOS/firefox-bin" "-marionette" "-foreground" "-no-remote" "-profile" "/var/folders/0y/x3rtnk3d19sfy3ty9x72zn9h0000gn/T/rust_mozprofile.XYRYQbdKxpUp"
2018-08-30 11:13:15.972 plugin-container[3207:387384] *** CFMessagePort: bootstrap_register(): failed 1100 (0x44c) 'Permission denied', port = 0x8833, name = 'com.apple.tsm.portname'
See /usr/include/servers/bootstrap_defs.h for the error codes.
2018-08-30 11:13:16.258 plugin-container[3208:387407] *** CFMessagePort: bootstrap_register(): failed 1100 (0x44c) 'Permission denied', port = 0x783f, name = 'com.apple.tsm.portname'
See /usr/include/servers/bootstrap_defs.h for the error codes.
1535641996412	Marionette	INFO	Listening on port 49987
1535641996461	Marionette	WARN	TLS certificate errors will be ignored for this session
2018-08-30 11:13:17.057 plugin-container[3209:387516] *** CFMessagePort: bootstrap_register(): failed 1100 (0x44c) 'Permission denied', port = 0x7603, name = 'com.apple.tsm.portname'
See /usr/include/servers/bootstrap_defs.h for the error codes.
JavaScript warning: https://static.pubmed.gov/portal/portal3rc.fcgi/4179591/js/3812534/4087685/3812535/4155155/3990644/3812291/3908752/3879255/4121861/4076480/4001808.js, line 1197: unreachable code after return statement
1535642025086	geckodriver	INFO	geckodriver 0.21.0
1535642025091	geckodriver	INFO	Listening on 127.0.0.1:50167
1535642026109	mozrunner::runner	INFO	Running command: "/Applications/Firefox.app/Contents/MacOS/firefox-bin" "-marionette" "-foreground" "-no-remote" "-profile" "/var/folders/0y/x3rtnk3d19sfy3ty9x72zn9h0000gn/T/rust_mozprofile.K4rS87kK1pp7"
2018-08-30 11:13:47.483 plugin-container[3217:388337] *** CFMessagePort: bootstrap_register(): failed 1100 (0x44c) 'Permission denied', port = 0x873f, name = 'com.apple.tsm.portname'
See /usr/include/servers/bootstrap_defs.h for the error codes.
2018-08-30 11:13:47.740 plugin-container[3218:388363] *** CFMessagePort: bootstrap_register(): failed 1100 (0x44c) 'Permission denied', port = 0x813f, name = 'com.apple.tsm.portname'
See /usr/include/servers/bootstrap_defs.h for the error codes.
1535642027917	Marionette	INFO	Listening on port 50180
1535642027971	Marionette	WARN	TLS certificate errors will be ignored for this session
2018-08-30 11:13:48.468 plugin-container[3219:388471] *** CFMessagePort: bootstrap_register(): failed 1100 (0x44c) 'Permission denied', port = 0x8f3f, name = 'com.apple.tsm.portname'
See /usr/include/servers/bootstrap_defs.h for the error codes.
JavaScript warning: https://static.pubmed.gov/portal/portal3rc.fcgi/4179591/js/3812534/4087685/3812535/4155155/3990644/3812291/3908752/3879255/4121861/4076480/4001808.js, line 1197: unreachable code after return statement

###!!! [Child][RunMessage] Error: Channel closing: too late to send/recv, messages will be lost


###!!! [Child][RunMessage] Error: Channel closing: too late to send/recv, messages will be lost


###!!! [Child][RunMessage] Error: Channel closing: too late to send/recv, messages will be lost


###!!! [Child][RunMessage] Error: Channel closing: too late to send/recv, messages will be lost


###!!! [Child][RunMessage] Error: Channel closing: too late to send/recv, messages will be lost

2018-08-30 11:14:22.365 plugin-container[3220:389454] *** CFMessagePort: bootstrap_register(): failed 1100 (0x44c) 'Permission denied', port = 0x8d33, name = 'com.apple.tsm.portname'
See /usr/include/servers/bootstrap_defs.h for the error codes.

###!!! [Child][RunMessage] Error: Channel closing: too late to send/recv, messages will be lost

*** UTM:SVC TimerManager:registerTimer called after profile-before-change notification. Ignoring timer registration for id: telemetry_modules_ping
1535642159507	geckodriver	INFO	geckodriver 0.21.0
1535642159518	geckodriver	INFO	Listening on 127.0.0.1:50829
1535642160528	mozrunner::runner	INFO	Running command: "/Applications/Firefox.app/Contents/MacOS/firefox-bin" "-marionette" "-foreground" "-no-remote" "-profile" "/var/folders/0y/x3rtnk3d19sfy3ty9x72zn9h0000gn/T/rust_mozprofile.u70d50qrjHqt"
2018-08-30 11:16:01.769 plugin-container[3230:391454] *** CFMessagePort: bootstrap_register(): failed 1100 (0x44c) 'Permission denied', port = 0x7343, name = 'com.apple.tsm.portname'
See /usr/include/servers/bootstrap_defs.h for the error codes.
2018-08-30 11:16:02.003 plugin-container[3231:391476] *** CFMessagePort: bootstrap_register(): failed 1100 (0x44c) 'Permission denied', port = 0x7a3f, name = 'com.apple.tsm.portname'
See /usr/include/servers/bootstrap_defs.h for the error codes.
1535642162152	Marionette	INFO	Listening on port 50840
1535642162198	Marionette	WARN	TLS certificate errors will be ignored for this session
2018-08-30 11:16:02.735 plugin-container[3232:391586] *** CFMessagePort: bootstrap_register(): failed 1100 (0x44c) 'Permission denied', port = 0x7337, name = 'com.apple.tsm.portname'
See /usr/include/servers/bootstrap_defs.h for the error codes.
JavaScript warning: https://static.pubmed.gov/portal/portal3rc.fcgi/4179591/js/3812534/4087685/3812535/4155155/3990644/3812291/3908752/3879255/4121861/4076480/4001808.js, line 1197: unreachable code after return statement
1535642189227	geckodriver	INFO	geckodriver 0.21.0
1535642189233	geckodriver	INFO	Listening on 127.0.0.1:51010
1535642190252	mozrunner::runner	INFO	Running command: "/Applications/Firefox.app/Contents/MacOS/firefox-bin" "-marionette" "-foreground" "-no-remote" "-profile" "/var/folders/0y/x3rtnk3d19sfy3ty9x72zn9h0000gn/T/rust_mozprofile.svwpAupdC9ep"
2018-08-30 11:16:31.538 plugin-container[3241:392539] *** CFMessagePort: bootstrap_register(): failed 1100 (0x44c) 'Permission denied', port = 0x743b, name = 'com.apple.tsm.portname'
See /usr/include/servers/bootstrap_defs.h for the error codes.
2018-08-30 11:16:31.756 plugin-container[3242:392563] *** CFMessagePort: bootstrap_register(): failed 1100 (0x44c) 'Permission denied', port = 0x7003, name = 'com.apple.tsm.portname'
See /usr/include/servers/bootstrap_defs.h for the error codes.
1535642191914	Marionette	INFO	Listening on port 51021
1535642192008	Marionette	WARN	TLS certificate errors will be ignored for this session
2018-08-30 11:16:32.494 plugin-container[3243:392675] *** CFMessagePort: bootstrap_register(): failed 1100 (0x44c) 'Permission denied', port = 0x8a2f, name = 'com.apple.tsm.portname'
See /usr/include/servers/bootstrap_defs.h for the error codes.
JavaScript warning: https://static.pubmed.gov/portal/portal3rc.fcgi/4179591/js/3812534/4087685/3812535/4155155/3990644/3812291/3908752/3879255/4121861/4076480/4001808.js, line 1197: unreachable code after return statement
1535642280144	geckodriver	INFO	geckodriver 0.21.0
1535642280157	geckodriver	INFO	Listening on 127.0.0.1:51476
1535642281168	mozrunner::runner	INFO	Running command: "/Applications/Firefox.app/Contents/MacOS/firefox-bin" "-marionette" "-foreground" "-no-remote" "-profile" "/var/folders/0y/x3rtnk3d19sfy3ty9x72zn9h0000gn/T/rust_mozprofile.cZ9xG0o3viKE"
2018-08-30 11:18:02.548 plugin-container[3253:395001] *** CFMessagePort: bootstrap_register(): failed 1100 (0x44c) 'Permission denied', port = 0x8107, name = 'com.apple.tsm.portname'
See /usr/include/servers/bootstrap_defs.h for the error codes.
2018-08-30 11:18:02.786 plugin-container[3254:395024] *** CFMessagePort: bootstrap_register(): failed 1100 (0x44c) 'Permission denied', port = 0x8603, name = 'com.apple.tsm.portname'
See /usr/include/servers/bootstrap_defs.h for the error codes.
1535642282932	Marionette	INFO	Listening on port 51489
1535642283034	Marionette	WARN	TLS certificate errors will be ignored for this session
2018-08-30 11:18:03.449 plugin-container[3255:395134] *** CFMessagePort: bootstrap_register(): failed 1100 (0x44c) 'Permission denied', port = 0x8933, name = 'com.apple.tsm.portname'
See /usr/include/servers/bootstrap_defs.h for the error codes.
JavaScript warning: https://static.pubmed.gov/portal/portal3rc.fcgi/4179591/js/3812534/4087685/3812535/4155155/3990644/3812291/3908752/3879255/4121861/4076480/4001808.js, line 1197: unreachable code after return statement
1535642305972	geckodriver	INFO	geckodriver 0.21.0
1535642305982	geckodriver	INFO	Listening on 127.0.0.1:51642
1535642306993	mozrunner::runner	INFO	Running command: "/Applications/Firefox.app/Contents/MacOS/firefox-bin" "-marionette" "-foreground" "-no-remote" "-profile" "/var/folders/0y/x3rtnk3d19sfy3ty9x72zn9h0000gn/T/rust_mozprofile.on42q1sLjcZP"
2018-08-30 11:18:28.326 plugin-container[3264:396016] *** CFMessagePort: bootstrap_register(): failed 1100 (0x44c) 'Permission denied', port = 0x8e03, name = 'com.apple.tsm.portname'
See /usr/include/servers/bootstrap_defs.h for the error codes.
2018-08-30 11:18:28.556 plugin-container[3265:396039] *** CFMessagePort: bootstrap_register(): failed 1100 (0x44c) 'Permission denied', port = 0x743f, name = 'com.apple.tsm.portname'
See /usr/include/servers/bootstrap_defs.h for the error codes.
1535642308766	Marionette	INFO	Listening on port 51655
1535642308846	Marionette	WARN	TLS certificate errors will be ignored for this session
2018-08-30 11:18:29.298 plugin-container[3266:396205] *** CFMessagePort: bootstrap_register(): failed 1100 (0x44c) 'Permission denied', port = 0x8803, name = 'com.apple.tsm.portname'
See /usr/include/servers/bootstrap_defs.h for the error codes.
JavaScript warning: https://static.pubmed.gov/portal/portal3rc.fcgi/4179591/js/3812534/4087685/3812535/4155155/3990644/3812291/3908752/3879255/4121861/4076480/4001808.js, line 1197: unreachable code after return statement
1535642958634	geckodriver	INFO	geckodriver 0.21.0
1535642958647	geckodriver	INFO	Listening on 127.0.0.1:53989
1535642959659	mozrunner::runner	INFO	Running command: "/Applications/Firefox.app/Contents/MacOS/firefox-bin" "-marionette" "-foreground" "-no-remote" "-profile" "/var/folders/0y/x3rtnk3d19sfy3ty9x72zn9h0000gn/T/rust_mozprofile.JheoIQWGEPIF"
2018-08-30 11:29:21.436 plugin-container[3319:406680] *** CFMessagePort: bootstrap_register(): failed 1100 (0x44c) 'Permission denied', port = 0x793f, name = 'com.apple.tsm.portname'
See /usr/include/servers/bootstrap_defs.h for the error codes.
2018-08-30 11:29:21.794 plugin-container[3320:406703] *** CFMessagePort: bootstrap_register(): failed 1100 (0x44c) 'Permission denied', port = 0x7d3f, name = 'com.apple.tsm.portname'
See /usr/include/servers/bootstrap_defs.h for the error codes.
1535642962067	Marionette	INFO	Listening on port 54000
1535642962126	Marionette	WARN	TLS certificate errors will be ignored for this session
2018-08-30 11:29:22.495 plugin-container[3321:406875] *** CFMessagePort: bootstrap_register(): failed 1100 (0x44c) 'Permission denied', port = 0x8437, name = 'com.apple.tsm.portname'
See /usr/include/servers/bootstrap_defs.h for the error codes.
JavaScript warning: https://static.pubmed.gov/portal/portal3rc.fcgi/4179591/js/3812534/4087685/3812535/4155155/3990644/3812291/3908752/3879255/4121861/4076480/4001808.js, line 1197: unreachable code after return statement
1535642984360	geckodriver	INFO	geckodriver 0.21.0
1535642984372	geckodriver	INFO	Listening on 127.0.0.1:54160
1535642985388	mozrunner::runner	INFO	Running command: "/Applications/Firefox.app/Contents/MacOS/firefox-bin" "-marionette" "-foreground" "-no-remote" "-profile" "/var/folders/0y/x3rtnk3d19sfy3ty9x72zn9h0000gn/T/rust_mozprofile.41dQRJAX1cq8"
2018-08-30 11:29:46.955 plugin-container[3329:407554] *** CFMessagePort: bootstrap_register(): failed 1100 (0x44c) 'Permission denied', port = 0x8927, name = 'com.apple.tsm.portname'
See /usr/include/servers/bootstrap_defs.h for the error codes.
2018-08-30 11:29:47.159 plugin-container[3330:407577] *** CFMessagePort: bootstrap_register(): failed 1100 (0x44c) 'Permission denied', port = 0x873f, name = 'com.apple.tsm.portname'
See /usr/include/servers/bootstrap_defs.h for the error codes.
1535642987333	Marionette	INFO	Listening on port 54171
1535642987379	Marionette	WARN	TLS certificate errors will be ignored for this session
2018-08-30 11:29:47.888 plugin-container[3331:407710] *** CFMessagePort: bootstrap_register(): failed 1100 (0x44c) 'Permission denied', port = 0x813f, name = 'com.apple.tsm.portname'
See /usr/include/servers/bootstrap_defs.h for the error codes.
JavaScript warning: https://static.pubmed.gov/portal/portal3rc.fcgi/4179591/js/3812534/4087685/3812535/4155155/3990644/3812291/3908752/3879255/4121861/4076480/4001808.js, line 1197: unreachable code after return statement

###!!! [Child][RunMessage] Error: Channel closing: too late to send/recv, messages will be lost

[Child 3265, Chrome_ChildThread] WARNING: pipe error: Broken pipe: file /builds/worker/workspace/build/src/ipc/chromium/src/chrome/common/ipc_channel_posix.cc, line 709

###!!! [Child][MessageChannel] Error: (msgtype=0x49000F,name=PHttpChannel::Msg___delete__) Channel closing: too late to send/recv, messages will be lost

*** UTM:SVC TimerManager:registerTimer called after profile-before-change notification. Ignoring timer registration for id: telemetry_modules_ping
*** UTM:SVC TimerManager:registerTimer called after profile-before-change notification. Ignoring timer registration for id: telemetry_modules_ping
1535650303902	geckodriver	INFO	geckodriver 0.21.0
1535650303915	geckodriver	INFO	Listening on 127.0.0.1:60247
1535650304924	mozrunner::runner	INFO	Running command: "/Applications/Firefox.app/Contents/MacOS/firefox-bin" "-marionette" "-foreground" "-no-remote" "-profile" "/var/folders/0y/x3rtnk3d19sfy3ty9x72zn9h0000gn/T/rust_mozprofile.lLNuiLEVdpmO"
2018-08-30 13:31:46.658 plugin-container[3523:484328] *** CFMessagePort: bootstrap_register(): failed 1100 (0x44c) 'Permission denied', port = 0x8d07, name = 'com.apple.tsm.portname'
See /usr/include/servers/bootstrap_defs.h for the error codes.
2018-08-30 13:31:46.937 plugin-container[3524:484354] *** CFMessagePort: bootstrap_register(): failed 1100 (0x44c) 'Permission denied', port = 0x8803, name = 'com.apple.tsm.portname'
See /usr/include/servers/bootstrap_defs.h for the error codes.
1535650307160	Marionette	INFO	Listening on port 60258
1535650307205	Marionette	WARN	TLS certificate errors will be ignored for this session
2018-08-30 13:31:47.631 plugin-container[3525:484469] *** CFMessagePort: bootstrap_register(): failed 1100 (0x44c) 'Permission denied', port = 0x8637, name = 'com.apple.tsm.portname'
See /usr/include/servers/bootstrap_defs.h for the error codes.
JavaScript warning: https://static.pubmed.gov/portal/portal3rc.fcgi/4179591/js/3812534/4087685/3812535/4155155/3990644/3812291/3908752/3879255/4121861/4076480/4001808.js, line 1197: unreachable code after return statement
1535650599193	geckodriver	INFO	geckodriver 0.21.0
1535650599204	geckodriver	INFO	Listening on 127.0.0.1:61570
1535650600214	mozrunner::runner	INFO	Running command: "/Applications/Firefox.app/Contents/MacOS/firefox-bin" "-marionette" "-foreground" "-no-remote" "-profile" "/var/folders/0y/x3rtnk3d19sfy3ty9x72zn9h0000gn/T/rust_mozprofile.s0U3OK05gwoq"
2018-08-30 13:36:41.596 plugin-container[3541:490123] *** CFMessagePort: bootstrap_register(): failed 1100 (0x44c) 'Permission denied', port = 0x7643, name = 'com.apple.tsm.portname'
See /usr/include/servers/bootstrap_defs.h for the error codes.
2018-08-30 13:36:41.835 plugin-container[3542:490147] *** CFMessagePort: bootstrap_register(): failed 1100 (0x44c) 'Permission denied', port = 0x743f, name = 'com.apple.tsm.portname'
See /usr/include/servers/bootstrap_defs.h for the error codes.
1535650601993	Marionette	INFO	Listening on port 61581
1535650602069	Marionette	WARN	TLS certificate errors will be ignored for this session
2018-08-30 13:36:42.576 plugin-container[3543:490256] *** CFMessagePort: bootstrap_register(): failed 1100 (0x44c) 'Permission denied', port = 0x743b, name = 'com.apple.tsm.portname'
See /usr/include/servers/bootstrap_defs.h for the error codes.
JavaScript warning: https://static.pubmed.gov/portal/portal3rc.fcgi/4179591/js/3812534/4087685/3812535/4155155/3990644/3812291/3908752/3879255/4121861/4076480/4001808.js, line 1197: unreachable code after return statement
1535650670619	geckodriver	INFO	geckodriver 0.21.0
1535650670625	geckodriver	INFO	Listening on 127.0.0.1:61929
1535650671643	mozrunner::runner	INFO	Running command: "/Applications/Firefox.app/Contents/MacOS/firefox-bin" "-marionette" "-foreground" "-no-remote" "-profile" "/var/folders/0y/x3rtnk3d19sfy3ty9x72zn9h0000gn/T/rust_mozprofile.ye4Mii7LIc6H"
2018-08-30 13:37:52.930 plugin-container[3552:491369] *** CFMessagePort: bootstrap_register(): failed 1100 (0x44c) 'Permission denied', port = 0x8703, name = 'com.apple.tsm.portname'
See /usr/include/servers/bootstrap_defs.h for the error codes.
2018-08-30 13:37:53.164 plugin-container[3553:491393] *** CFMessagePort: bootstrap_register(): failed 1100 (0x44c) 'Permission denied', port = 0x8a03, name = 'com.apple.tsm.portname'
See /usr/include/servers/bootstrap_defs.h for the error codes.
1535650673338	Marionette	INFO	Listening on port 61940
1535650673388	Marionette	WARN	TLS certificate errors will be ignored for this session
2018-08-30 13:37:53.903 plugin-container[3554:491505] *** CFMessagePort: bootstrap_register(): failed 1100 (0x44c) 'Permission denied', port = 0x773b, name = 'com.apple.tsm.portname'
See /usr/include/servers/bootstrap_defs.h for the error codes.
JavaScript warning: https://static.pubmed.gov/portal/portal3rc.fcgi/4179591/js/3812534/4087685/3812535/4155155/3990644/3812291/3908752/3879255/4121861/4076480/4001808.js, line 1197: unreachable code after return statement
1535650730313	geckodriver	INFO	geckodriver 0.21.0
1535650730325	geckodriver	INFO	Listening on 127.0.0.1:62238
1535650731322	mozrunner::runner	INFO	Running command: "/Applications/Firefox.app/Contents/MacOS/firefox-bin" "-marionette" "-foreground" "-no-remote" "-profile" "/var/folders/0y/x3rtnk3d19sfy3ty9x72zn9h0000gn/T/rust_mozprofile.ukkzj7mR3wOq"
2018-08-30 13:38:52.706 plugin-container[3561:492509] *** CFMessagePort: bootstrap_register(): failed 1100 (0x44c) 'Permission denied', port = 0x7647, name = 'com.apple.tsm.portname'
See /usr/include/servers/bootstrap_defs.h for the error codes.
2018-08-30 13:38:52.919 plugin-container[3562:492533] *** CFMessagePort: bootstrap_register(): failed 1100 (0x44c) 'Permission denied', port = 0x8507, name = 'com.apple.tsm.portname'
See /usr/include/servers/bootstrap_defs.h for the error codes.
1535650733099	Marionette	INFO	Listening on port 62249
1535650733181	Marionette	WARN	TLS certificate errors will be ignored for this session
2018-08-30 13:38:53.694 plugin-container[3563:492645] *** CFMessagePort: bootstrap_register(): failed 1100 (0x44c) 'Permission denied', port = 0x7a3f, name = 'com.apple.tsm.portname'
See /usr/include/servers/bootstrap_defs.h for the error codes.
JavaScript warning: https://static.pubmed.gov/portal/portal3rc.fcgi/4179591/js/3812534/4087685/3812535/4155155/3990644/3812291/3908752/3879255/4121861/4076480/4001808.js, line 1197: unreachable code after return statement
*** UTM:SVC TimerManager:registerTimer called after profile-before-change notification. Ignoring timer registration for id: telemetry_modules_ping
